#
# There is insufficient memory for the Java Runtime Environment to continue.
# Native memory allocation (malloc) failed to allocate 90096 bytes for Chunk::new
# Possible reasons:
#   The system is out of physical RAM or swap space
#   The process is running with CompressedOops enabled, and the Java Heap may be blocking the growth of the native heap
# Possible solutions:
#   Reduce memory load on the system
#   Increase physical memory or swap space
#   Check if swap backing store is full
#   Decrease Java heap size (-Xmx/-Xms)
#   Decrease number of Java threads
#   Decrease Java thread stack sizes (-Xss)
#   Set larger code cache with -XX:ReservedCodeCacheSize=
#   JVM is running with Unscaled Compressed Oops mode in which the Java heap is
#     placed in the first 4GB address space. The Java Heap base address is the
#     maximum limit for the native heap growth. Please use -XX:HeapBaseMinAddress
#     to set the Java Heap base and to place the Java Heap above 4GB virtual address.
# This output file may be truncated or incomplete.
#
#  Out of Memory Error (./src/hotspot/share/memory/arena.cpp:197), pid=12820, tid=12124
#
# JRE version: OpenJDK Runtime Environment (11.0.12+7) (build 11.0.12+7-b1504.28-7817840)
# Java VM: OpenJDK 64-Bit Server VM (11.0.12+7-b1504.28-7817840, mixed mode, tiered, compressed oops, g1 gc, windows-amd64)
# No core dump will be written. Minidumps are not enabled by default on client versions of Windows
#

---------------  S U M M A R Y ------------

Command Line: -Dorg.gradle.appname=gradlew org.gradle.wrapper.GradleWrapperMain -q -Ptarget-platform=android-x64 -Ptarget=D:\systemBackupFolder\Desktop\flutter save encrypt\encrypt\lib\main.dart -Pbase-application-name=android.app.Application -Pdart-defines=RkxVVFRFUl9XRUJfQVVUT19ERVRFQ1Q9dHJ1ZQ== -Pdart-obfuscation=false -Ptrack-widget-creation=true -Ptree-shake-icons=false -Pfilesystem-scheme=org-dartlang-root assembleDebug

Host: Intel(R) Core(TM) i5-8265U CPU @ 1.60GHz, 8 cores, 7G,  Windows 10 , 64 bit Build 22000 (10.0.22000.708)
Time: Tue Jul 19 06:10:30 2022 India Standard Time elapsed time: 1.404925 seconds (0d 0h 0m 1s)

---------------  T H R E A D  ---------------

Current thread (0x000001ada9d9c000):  JavaThread "C2 CompilerThread0" daemon [_thread_in_native, id=12124, stack(0x00000025c6c00000,0x00000025c6d00000)]


Current CompileTask:
C2:   1405  377 %     4       java.lang.StringLatin1::toLowerCase @ 114 (180 bytes)

Stack: [0x00000025c6c00000,0x00000025c6d00000]
Native frames: (J=compiled Java code, j=interpreted, Vv=VM code, C=native code)
V  [jvm.dll+0x5fbcea]
V  [jvm.dll+0x731905]
V  [jvm.dll+0x732f1d]
V  [jvm.dll+0x7335d3]
V  [jvm.dll+0x247bf8]
V  [jvm.dll+0xc018c]
V  [jvm.dll+0xc06cc]
V  [jvm.dll+0x35b31d]
V  [jvm.dll+0x328803]
V  [jvm.dll+0x327cfa]
V  [jvm.dll+0x200602]
V  [jvm.dll+0x1ff794]
V  [jvm.dll+0x18868c]
V  [jvm.dll+0x20e0d7]
V  [jvm.dll+0x20c901]
V  [jvm.dll+0x6f9b7f]
V  [jvm.dll+0x6f26a5]
V  [jvm.dll+0x5fabf6]
C  [ucrtbase.dll+0x26c0c]
C  [KERNEL32.DLL+0x154e0]
C  [ntdll.dll+0x485b]


---------------  P R O C E S S  ---------------

Threads class SMR info:
_java_thread_list=0x000001ada9eeb250, length=10, elements={
0x000001ad8f1c1800, 0x000001ada9d42800, 0x000001ada9d45800, 0x000001ada9d97000,
0x000001ada9d98000, 0x000001ada9d99000, 0x000001ada9d9c000, 0x000001ada9d9d000,
0x000001ada9d9e800, 0x000001ada9ef5800
}

Java Threads: ( => current thread )
  0x000001ad8f1c1800 JavaThread "main" [_thread_in_native, id=3500, stack(0x00000025c6000000,0x00000025c6100000)]
  0x000001ada9d42800 JavaThread "Reference Handler" daemon [_thread_blocked, id=12104, stack(0x00000025c6700000,0x00000025c6800000)]
  0x000001ada9d45800 JavaThread "Finalizer" daemon [_thread_blocked, id=14156, stack(0x00000025c6800000,0x00000025c6900000)]
  0x000001ada9d97000 JavaThread "Signal Dispatcher" daemon [_thread_blocked, id=4080, stack(0x00000025c6900000,0x00000025c6a00000)]
  0x000001ada9d98000 JavaThread "Attach Listener" daemon [_thread_blocked, id=12436, stack(0x00000025c6a00000,0x00000025c6b00000)]
  0x000001ada9d99000 JavaThread "Service Thread" daemon [_thread_blocked, id=9020, stack(0x00000025c6b00000,0x00000025c6c00000)]
=>0x000001ada9d9c000 JavaThread "C2 CompilerThread0" daemon [_thread_in_native, id=12124, stack(0x00000025c6c00000,0x00000025c6d00000)]
  0x000001ada9d9d000 JavaThread "C1 CompilerThread0" daemon [_thread_blocked, id=9596, stack(0x00000025c6d00000,0x00000025c6e00000)]
  0x000001ada9d9e800 JavaThread "Sweeper thread" daemon [_thread_blocked, id=6172, stack(0x00000025c6e00000,0x00000025c6f00000)]
  0x000001ada9ef5800 JavaThread "Common-Cleaner" daemon [_thread_blocked, id=6316, stack(0x00000025c7000000,0x00000025c7100000)]

Other Threads:
  0x000001ada94f9000 VMThread "VM Thread" [stack: 0x00000025c6600000,0x00000025c6700000] [id=1312]
  0x000001ada9ef8800 WatcherThread [stack: 0x00000025c6f00000,0x00000025c7000000] [id=9828]
  0x000001ad8f1da000 GCTaskThread "GC Thread#0" [stack: 0x00000025c6100000,0x00000025c6200000] [id=2000]
  0x000001ad8f209800 ConcurrentGCThread "G1 Main Marker" [stack: 0x00000025c6200000,0x00000025c6300000] [id=9936]
  0x000001ad8f20b800 ConcurrentGCThread "G1 Conc#0" [stack: 0x00000025c6300000,0x00000025c6400000] [id=6180]
  0x000001ada9360800 ConcurrentGCThread "G1 Refine#0" [stack: 0x00000025c6400000,0x00000025c6500000] [id=12644]
  0x000001ada9361800 ConcurrentGCThread "G1 Young RemSet Sampling" [stack: 0x00000025c6500000,0x00000025c6600000] [id=14508]

Threads with active compile tasks:
C2 CompilerThread0   1471  377 %     4       java.lang.StringLatin1::toLowerCase @ 114 (180 bytes)

VM state:not at safepoint (normal execution)

VM Mutex/Monitor currently owned by a thread: None

Heap address: 0x0000000082400000, size: 2012 MB, Compressed Oops mode: 32-bit
Narrow klass base: 0x0000000000000000, Narrow klass shift: 3
Compressed class space size: 1073741824 Address: 0x0000000100000000

Heap:
 garbage-first heap   total 129024K, used 6144K [0x0000000082400000, 0x0000000100000000)
  region size 1024K, 8 young (8192K), 0 survivors (0K)
 Metaspace       used 7911K, capacity 8114K, committed 8320K, reserved 1056768K
  class space    used 717K, capacity 785K, committed 896K, reserved 1048576K
Heap Regions: E=young(eden), S=young(survivor), O=old, HS=humongous(starts), HC=humongous(continues), CS=collection set, F=free, A=archive, TAMS=top-at-mark-start (previous, next)
|   0|0x0000000082400000, 0x0000000082400000, 0x0000000082500000|  0%| F|  |TAMS 0x0000000082400000, 0x0000000082400000| Untracked 
|   1|0x0000000082500000, 0x0000000082500000, 0x0000000082600000|  0%| F|  |TAMS 0x0000000082500000, 0x0000000082500000| Untracked 
|   2|0x0000000082600000, 0x0000000082600000, 0x0000000082700000|  0%| F|  |TAMS 0x0000000082600000, 0x0000000082600000| Untracked 
|   3|0x0000000082700000, 0x0000000082700000, 0x0000000082800000|  0%| F|  |TAMS 0x0000000082700000, 0x0000000082700000| Untracked 
|   4|0x0000000082800000, 0x0000000082800000, 0x0000000082900000|  0%| F|  |TAMS 0x0000000082800000, 0x0000000082800000| Untracked 
|   5|0x0000000082900000, 0x0000000082900000, 0x0000000082a00000|  0%| F|  |TAMS 0x0000000082900000, 0x0000000082900000| Untracked 
|   6|0x0000000082a00000, 0x0000000082a00000, 0x0000000082b00000|  0%| F|  |TAMS 0x0000000082a00000, 0x0000000082a00000| Untracked 
|   7|0x0000000082b00000, 0x0000000082b00000, 0x0000000082c00000|  0%| F|  |TAMS 0x0000000082b00000, 0x0000000082b00000| Untracked 
|   8|0x0000000082c00000, 0x0000000082c00000, 0x0000000082d00000|  0%| F|  |TAMS 0x0000000082c00000, 0x0000000082c00000| Untracked 
|   9|0x0000000082d00000, 0x0000000082d00000, 0x0000000082e00000|  0%| F|  |TAMS 0x0000000082d00000, 0x0000000082d00000| Untracked 
|  10|0x0000000082e00000, 0x0000000082e00000, 0x0000000082f00000|  0%| F|  |TAMS 0x0000000082e00000, 0x0000000082e00000| Untracked 
|  11|0x0000000082f00000, 0x0000000082f00000, 0x0000000083000000|  0%| F|  |TAMS 0x0000000082f00000, 0x0000000082f00000| Untracked 
|  12|0x0000000083000000, 0x0000000083000000, 0x0000000083100000|  0%| F|  |TAMS 0x0000000083000000, 0x0000000083000000| Untracked 
|  13|0x0000000083100000, 0x0000000083100000, 0x0000000083200000|  0%| F|  |TAMS 0x0000000083100000, 0x0000000083100000| Untracked 
|  14|0x0000000083200000, 0x0000000083200000, 0x0000000083300000|  0%| F|  |TAMS 0x0000000083200000, 0x0000000083200000| Untracked 
|  15|0x0000000083300000, 0x0000000083300000, 0x0000000083400000|  0%| F|  |TAMS 0x0000000083300000, 0x0000000083300000| Untracked 
|  16|0x0000000083400000, 0x0000000083400000, 0x0000000083500000|  0%| F|  |TAMS 0x0000000083400000, 0x0000000083400000| Untracked 
|  17|0x0000000083500000, 0x0000000083500000, 0x0000000083600000|  0%| F|  |TAMS 0x0000000083500000, 0x0000000083500000| Untracked 
|  18|0x0000000083600000, 0x0000000083600000, 0x0000000083700000|  0%| F|  |TAMS 0x0000000083600000, 0x0000000083600000| Untracked 
|  19|0x0000000083700000, 0x0000000083700000, 0x0000000083800000|  0%| F|  |TAMS 0x0000000083700000, 0x0000000083700000| Untracked 
|  20|0x0000000083800000, 0x0000000083800000, 0x0000000083900000|  0%| F|  |TAMS 0x0000000083800000, 0x0000000083800000| Untracked 
|  21|0x0000000083900000, 0x0000000083900000, 0x0000000083a00000|  0%| F|  |TAMS 0x0000000083900000, 0x0000000083900000| Untracked 
|  22|0x0000000083a00000, 0x0000000083a00000, 0x0000000083b00000|  0%| F|  |TAMS 0x0000000083a00000, 0x0000000083a00000| Untracked 
|  23|0x0000000083b00000, 0x0000000083b00000, 0x0000000083c00000|  0%| F|  |TAMS 0x0000000083b00000, 0x0000000083b00000| Untracked 
|  24|0x0000000083c00000, 0x0000000083c00000, 0x0000000083d00000|  0%| F|  |TAMS 0x0000000083c00000, 0x0000000083c00000| Untracked 
|  25|0x0000000083d00000, 0x0000000083d00000, 0x0000000083e00000|  0%| F|  |TAMS 0x0000000083d00000, 0x0000000083d00000| Untracked 
|  26|0x0000000083e00000, 0x0000000083e00000, 0x0000000083f00000|  0%| F|  |TAMS 0x0000000083e00000, 0x0000000083e00000| Untracked 
|  27|0x0000000083f00000, 0x0000000083f00000, 0x0000000084000000|  0%| F|  |TAMS 0x0000000083f00000, 0x0000000083f00000| Untracked 
|  28|0x0000000084000000, 0x0000000084000000, 0x0000000084100000|  0%| F|  |TAMS 0x0000000084000000, 0x0000000084000000| Untracked 
|  29|0x0000000084100000, 0x0000000084100000, 0x0000000084200000|  0%| F|  |TAMS 0x0000000084100000, 0x0000000084100000| Untracked 
|  30|0x0000000084200000, 0x0000000084200000, 0x0000000084300000|  0%| F|  |TAMS 0x0000000084200000, 0x0000000084200000| Untracked 
|  31|0x0000000084300000, 0x0000000084300000, 0x0000000084400000|  0%| F|  |TAMS 0x0000000084300000, 0x0000000084300000| Untracked 
|  32|0x0000000084400000, 0x0000000084400000, 0x0000000084500000|  0%| F|  |TAMS 0x0000000084400000, 0x0000000084400000| Untracked 
|  33|0x0000000084500000, 0x0000000084500000, 0x0000000084600000|  0%| F|  |TAMS 0x0000000084500000, 0x0000000084500000| Untracked 
|  34|0x0000000084600000, 0x0000000084600000, 0x0000000084700000|  0%| F|  |TAMS 0x0000000084600000, 0x0000000084600000| Untracked 
|  35|0x0000000084700000, 0x0000000084700000, 0x0000000084800000|  0%| F|  |TAMS 0x0000000084700000, 0x0000000084700000| Untracked 
|  36|0x0000000084800000, 0x0000000084800000, 0x0000000084900000|  0%| F|  |TAMS 0x0000000084800000, 0x0000000084800000| Untracked 
|  37|0x0000000084900000, 0x0000000084900000, 0x0000000084a00000|  0%| F|  |TAMS 0x0000000084900000, 0x0000000084900000| Untracked 
|  38|0x0000000084a00000, 0x0000000084a00000, 0x0000000084b00000|  0%| F|  |TAMS 0x0000000084a00000, 0x0000000084a00000| Untracked 
|  39|0x0000000084b00000, 0x0000000084b00000, 0x0000000084c00000|  0%| F|  |TAMS 0x0000000084b00000, 0x0000000084b00000| Untracked 
|  40|0x0000000084c00000, 0x0000000084c00000, 0x0000000084d00000|  0%| F|  |TAMS 0x0000000084c00000, 0x0000000084c00000| Untracked 
|  41|0x0000000084d00000, 0x0000000084d00000, 0x0000000084e00000|  0%| F|  |TAMS 0x0000000084d00000, 0x0000000084d00000| Untracked 
|  42|0x0000000084e00000, 0x0000000084e00000, 0x0000000084f00000|  0%| F|  |TAMS 0x0000000084e00000, 0x0000000084e00000| Untracked 
|  43|0x0000000084f00000, 0x0000000084f00000, 0x0000000085000000|  0%| F|  |TAMS 0x0000000084f00000, 0x0000000084f00000| Untracked 
|  44|0x0000000085000000, 0x0000000085000000, 0x0000000085100000|  0%| F|  |TAMS 0x0000000085000000, 0x0000000085000000| Untracked 
|  45|0x0000000085100000, 0x0000000085100000, 0x0000000085200000|  0%| F|  |TAMS 0x0000000085100000, 0x0000000085100000| Untracked 
|  46|0x0000000085200000, 0x0000000085200000, 0x0000000085300000|  0%| F|  |TAMS 0x0000000085200000, 0x0000000085200000| Untracked 
|  47|0x0000000085300000, 0x0000000085300000, 0x0000000085400000|  0%| F|  |TAMS 0x0000000085300000, 0x0000000085300000| Untracked 
|  48|0x0000000085400000, 0x0000000085400000, 0x0000000085500000|  0%| F|  |TAMS 0x0000000085400000, 0x0000000085400000| Untracked 
|  49|0x0000000085500000, 0x0000000085500000, 0x0000000085600000|  0%| F|  |TAMS 0x0000000085500000, 0x0000000085500000| Untracked 
|  50|0x0000000085600000, 0x0000000085600000, 0x0000000085700000|  0%| F|  |TAMS 0x0000000085600000, 0x0000000085600000| Untracked 
|  51|0x0000000085700000, 0x0000000085700000, 0x0000000085800000|  0%| F|  |TAMS 0x0000000085700000, 0x0000000085700000| Untracked 
|  52|0x0000000085800000, 0x0000000085800000, 0x0000000085900000|  0%| F|  |TAMS 0x0000000085800000, 0x0000000085800000| Untracked 
|  53|0x0000000085900000, 0x0000000085900000, 0x0000000085a00000|  0%| F|  |TAMS 0x0000000085900000, 0x0000000085900000| Untracked 
|  54|0x0000000085a00000, 0x0000000085a00000, 0x0000000085b00000|  0%| F|  |TAMS 0x0000000085a00000, 0x0000000085a00000| Untracked 
|  55|0x0000000085b00000, 0x0000000085b00000, 0x0000000085c00000|  0%| F|  |TAMS 0x0000000085b00000, 0x0000000085b00000| Untracked 
|  56|0x0000000085c00000, 0x0000000085c00000, 0x0000000085d00000|  0%| F|  |TAMS 0x0000000085c00000, 0x0000000085c00000| Untracked 
|  57|0x0000000085d00000, 0x0000000085d00000, 0x0000000085e00000|  0%| F|  |TAMS 0x0000000085d00000, 0x0000000085d00000| Untracked 
|  58|0x0000000085e00000, 0x0000000085e00000, 0x0000000085f00000|  0%| F|  |TAMS 0x0000000085e00000, 0x0000000085e00000| Untracked 
|  59|0x0000000085f00000, 0x0000000085f00000, 0x0000000086000000|  0%| F|  |TAMS 0x0000000085f00000, 0x0000000085f00000| Untracked 
|  60|0x0000000086000000, 0x0000000086000000, 0x0000000086100000|  0%| F|  |TAMS 0x0000000086000000, 0x0000000086000000| Untracked 
|  61|0x0000000086100000, 0x0000000086100000, 0x0000000086200000|  0%| F|  |TAMS 0x0000000086100000, 0x0000000086100000| Untracked 
|  62|0x0000000086200000, 0x0000000086200000, 0x0000000086300000|  0%| F|  |TAMS 0x0000000086200000, 0x0000000086200000| Untracked 
|  63|0x0000000086300000, 0x0000000086300000, 0x0000000086400000|  0%| F|  |TAMS 0x0000000086300000, 0x0000000086300000| Untracked 
|  64|0x0000000086400000, 0x0000000086400000, 0x0000000086500000|  0%| F|  |TAMS 0x0000000086400000, 0x0000000086400000| Untracked 
|  65|0x0000000086500000, 0x0000000086500000, 0x0000000086600000|  0%| F|  |TAMS 0x0000000086500000, 0x0000000086500000| Untracked 
|  66|0x0000000086600000, 0x0000000086600000, 0x0000000086700000|  0%| F|  |TAMS 0x0000000086600000, 0x0000000086600000| Untracked 
|  67|0x0000000086700000, 0x0000000086700000, 0x0000000086800000|  0%| F|  |TAMS 0x0000000086700000, 0x0000000086700000| Untracked 
|  68|0x0000000086800000, 0x0000000086800000, 0x0000000086900000|  0%| F|  |TAMS 0x0000000086800000, 0x0000000086800000| Untracked 
|  69|0x0000000086900000, 0x0000000086900000, 0x0000000086a00000|  0%| F|  |TAMS 0x0000000086900000, 0x0000000086900000| Untracked 
|  70|0x0000000086a00000, 0x0000000086a00000, 0x0000000086b00000|  0%| F|  |TAMS 0x0000000086a00000, 0x0000000086a00000| Untracked 
|  71|0x0000000086b00000, 0x0000000086b00000, 0x0000000086c00000|  0%| F|  |TAMS 0x0000000086b00000, 0x0000000086b00000| Untracked 
|  72|0x0000000086c00000, 0x0000000086c00000, 0x0000000086d00000|  0%| F|  |TAMS 0x0000000086c00000, 0x0000000086c00000| Untracked 
|  73|0x0000000086d00000, 0x0000000086d00000, 0x0000000086e00000|  0%| F|  |TAMS 0x0000000086d00000, 0x0000000086d00000| Untracked 
|  74|0x0000000086e00000, 0x0000000086e00000, 0x0000000086f00000|  0%| F|  |TAMS 0x0000000086e00000, 0x0000000086e00000| Untracked 
|  75|0x0000000086f00000, 0x0000000086f00000, 0x0000000087000000|  0%| F|  |TAMS 0x0000000086f00000, 0x0000000086f00000| Untracked 
|  76|0x0000000087000000, 0x0000000087000000, 0x0000000087100000|  0%| F|  |TAMS 0x0000000087000000, 0x0000000087000000| Untracked 
|  77|0x0000000087100000, 0x0000000087100000, 0x0000000087200000|  0%| F|  |TAMS 0x0000000087100000, 0x0000000087100000| Untracked 
|  78|0x0000000087200000, 0x0000000087200000, 0x0000000087300000|  0%| F|  |TAMS 0x0000000087200000, 0x0000000087200000| Untracked 
|  79|0x0000000087300000, 0x0000000087300000, 0x0000000087400000|  0%| F|  |TAMS 0x0000000087300000, 0x0000000087300000| Untracked 
|  80|0x0000000087400000, 0x0000000087400000, 0x0000000087500000|  0%| F|  |TAMS 0x0000000087400000, 0x0000000087400000| Untracked 
|  81|0x0000000087500000, 0x0000000087500000, 0x0000000087600000|  0%| F|  |TAMS 0x0000000087500000, 0x0000000087500000| Untracked 
|  82|0x0000000087600000, 0x0000000087600000, 0x0000000087700000|  0%| F|  |TAMS 0x0000000087600000, 0x0000000087600000| Untracked 
|  83|0x0000000087700000, 0x0000000087700000, 0x0000000087800000|  0%| F|  |TAMS 0x0000000087700000, 0x0000000087700000| Untracked 
|  84|0x0000000087800000, 0x0000000087800000, 0x0000000087900000|  0%| F|  |TAMS 0x0000000087800000, 0x0000000087800000| Untracked 
|  85|0x0000000087900000, 0x0000000087900000, 0x0000000087a00000|  0%| F|  |TAMS 0x0000000087900000, 0x0000000087900000| Untracked 
|  86|0x0000000087a00000, 0x0000000087a00000, 0x0000000087b00000|  0%| F|  |TAMS 0x0000000087a00000, 0x0000000087a00000| Untracked 
|  87|0x0000000087b00000, 0x0000000087b00000, 0x0000000087c00000|  0%| F|  |TAMS 0x0000000087b00000, 0x0000000087b00000| Untracked 
|  88|0x0000000087c00000, 0x0000000087c00000, 0x0000000087d00000|  0%| F|  |TAMS 0x0000000087c00000, 0x0000000087c00000| Untracked 
|  89|0x0000000087d00000, 0x0000000087d00000, 0x0000000087e00000|  0%| F|  |TAMS 0x0000000087d00000, 0x0000000087d00000| Untracked 
|  90|0x0000000087e00000, 0x0000000087e00000, 0x0000000087f00000|  0%| F|  |TAMS 0x0000000087e00000, 0x0000000087e00000| Untracked 
|  91|0x0000000087f00000, 0x0000000087f00000, 0x0000000088000000|  0%| F|  |TAMS 0x0000000087f00000, 0x0000000087f00000| Untracked 
|  92|0x0000000088000000, 0x0000000088000000, 0x0000000088100000|  0%| F|  |TAMS 0x0000000088000000, 0x0000000088000000| Untracked 
|  93|0x0000000088100000, 0x0000000088100000, 0x0000000088200000|  0%| F|  |TAMS 0x0000000088100000, 0x0000000088100000| Untracked 
|  94|0x0000000088200000, 0x0000000088200000, 0x0000000088300000|  0%| F|  |TAMS 0x0000000088200000, 0x0000000088200000| Untracked 
|  95|0x0000000088300000, 0x0000000088300000, 0x0000000088400000|  0%| F|  |TAMS 0x0000000088300000, 0x0000000088300000| Untracked 
|  96|0x0000000088400000, 0x0000000088400000, 0x0000000088500000|  0%| F|  |TAMS 0x0000000088400000, 0x0000000088400000| Untracked 
|  97|0x0000000088500000, 0x0000000088500000, 0x0000000088600000|  0%| F|  |TAMS 0x0000000088500000, 0x0000000088500000| Untracked 
|  98|0x0000000088600000, 0x0000000088600000, 0x0000000088700000|  0%| F|  |TAMS 0x0000000088600000, 0x0000000088600000| Untracked 
|  99|0x0000000088700000, 0x0000000088700000, 0x0000000088800000|  0%| F|  |TAMS 0x0000000088700000, 0x0000000088700000| Untracked 
| 100|0x0000000088800000, 0x0000000088800000, 0x0000000088900000|  0%| F|  |TAMS 0x0000000088800000, 0x0000000088800000| Untracked 
| 101|0x0000000088900000, 0x0000000088900000, 0x0000000088a00000|  0%| F|  |TAMS 0x0000000088900000, 0x0000000088900000| Untracked 
| 102|0x0000000088a00000, 0x0000000088a00000, 0x0000000088b00000|  0%| F|  |TAMS 0x0000000088a00000, 0x0000000088a00000| Untracked 
| 103|0x0000000088b00000, 0x0000000088b00000, 0x0000000088c00000|  0%| F|  |TAMS 0x0000000088b00000, 0x0000000088b00000| Untracked 
| 104|0x0000000088c00000, 0x0000000088c00000, 0x0000000088d00000|  0%| F|  |TAMS 0x0000000088c00000, 0x0000000088c00000| Untracked 
| 105|0x0000000088d00000, 0x0000000088d00000, 0x0000000088e00000|  0%| F|  |TAMS 0x0000000088d00000, 0x0000000088d00000| Untracked 
| 106|0x0000000088e00000, 0x0000000088e00000, 0x0000000088f00000|  0%| F|  |TAMS 0x0000000088e00000, 0x0000000088e00000| Untracked 
| 107|0x0000000088f00000, 0x0000000088f00000, 0x0000000089000000|  0%| F|  |TAMS 0x0000000088f00000, 0x0000000088f00000| Untracked 
| 108|0x0000000089000000, 0x0000000089000000, 0x0000000089100000|  0%| F|  |TAMS 0x0000000089000000, 0x0000000089000000| Untracked 
| 109|0x0000000089100000, 0x0000000089100000, 0x0000000089200000|  0%| F|  |TAMS 0x0000000089100000, 0x0000000089100000| Untracked 
| 110|0x0000000089200000, 0x0000000089200000, 0x0000000089300000|  0%| F|  |TAMS 0x0000000089200000, 0x0000000089200000| Untracked 
| 111|0x0000000089300000, 0x0000000089300000, 0x0000000089400000|  0%| F|  |TAMS 0x0000000089300000, 0x0000000089300000| Untracked 
| 112|0x0000000089400000, 0x0000000089400000, 0x0000000089500000|  0%| F|  |TAMS 0x0000000089400000, 0x0000000089400000| Untracked 
| 113|0x0000000089500000, 0x0000000089500000, 0x0000000089600000|  0%| F|  |TAMS 0x0000000089500000, 0x0000000089500000| Untracked 
| 114|0x0000000089600000, 0x0000000089600000, 0x0000000089700000|  0%| F|  |TAMS 0x0000000089600000, 0x0000000089600000| Untracked 
| 115|0x0000000089700000, 0x0000000089700000, 0x0000000089800000|  0%| F|  |TAMS 0x0000000089700000, 0x0000000089700000| Untracked 
| 116|0x0000000089800000, 0x0000000089800000, 0x0000000089900000|  0%| F|  |TAMS 0x0000000089800000, 0x0000000089800000| Untracked 
| 117|0x0000000089900000, 0x0000000089900000, 0x0000000089a00000|  0%| F|  |TAMS 0x0000000089900000, 0x0000000089900000| Untracked 
| 118|0x0000000089a00000, 0x0000000089a7b700, 0x0000000089b00000| 48%| E|  |TAMS 0x0000000089a00000, 0x0000000089a00000| Complete 
| 119|0x0000000089b00000, 0x0000000089c00000, 0x0000000089c00000|100%| E|CS|TAMS 0x0000000089b00000, 0x0000000089b00000| Complete 
| 120|0x0000000089c00000, 0x0000000089d00000, 0x0000000089d00000|100%| E|CS|TAMS 0x0000000089c00000, 0x0000000089c00000| Complete 
| 121|0x0000000089d00000, 0x0000000089e00000, 0x0000000089e00000|100%| E|CS|TAMS 0x0000000089d00000, 0x0000000089d00000| Complete 
| 122|0x0000000089e00000, 0x0000000089f00000, 0x0000000089f00000|100%| E|CS|TAMS 0x0000000089e00000, 0x0000000089e00000| Complete 
| 123|0x0000000089f00000, 0x000000008a000000, 0x000000008a000000|100%| E|  |TAMS 0x0000000089f00000, 0x0000000089f00000| Complete 
| 124|0x000000008a000000, 0x000000008a100000, 0x000000008a100000|100%| E|CS|TAMS 0x000000008a000000, 0x000000008a000000| Complete 
| 125|0x000000008a100000, 0x000000008a200000, 0x000000008a200000|100%| E|CS|TAMS 0x000000008a100000, 0x000000008a100000| Complete 

Card table byte_map: [0x000001ada23f0000,0x000001ada27e0000] _byte_map_base: 0x000001ada1fde000

Marking Bits (Prev, Next): (CMBitMap*) 0x000001ad8f200928, (CMBitMap*) 0x000001ad8f200960
 Prev Bits: [0x000001ada2bd0000, 0x000001ada4b40000)
 Next Bits: [0x000001ada4b40000, 0x000001ada6ab0000)

Polling page: 0x000001ad8e990000

Metaspace:

Usage:
  Non-class:      7.16 MB capacity,     7.03 MB ( 98%) used,   127.70 KB (  2%) free+waste,     6.38 KB ( <1%) overhead. 
      Class:    785.00 KB capacity,   717.37 KB ( 91%) used,    64.70 KB (  8%) free+waste,     2.94 KB ( <1%) overhead. 
       Both:      7.92 MB capacity,     7.73 MB ( 98%) used,   192.39 KB (  2%) free+waste,     9.31 KB ( <1%) overhead. 

Virtual space:
  Non-class space:        8.00 MB reserved,       7.25 MB ( 91%) committed 
      Class space:        1.00 GB reserved,     896.00 KB ( <1%) committed 
             Both:        1.01 GB reserved,       8.13 MB ( <1%) committed 

Chunk freelists:
   Non-Class:  31.00 KB
       Class:  15.00 KB
        Both:  46.00 KB

MaxMetaspaceSize: 17179869184.00 GB
CompressedClassSpaceSize: 1.00 GB
Initial GC threshold: 20.80 MB
Current GC threshold: 20.80 MB
CDS: off

CodeHeap 'non-profiled nmethods': size=120000Kb used=109Kb max_used=109Kb free=119890Kb
 bounds [0x000001ad9a790000, 0x000001ad9aa00000, 0x000001ada1cc0000]
CodeHeap 'profiled nmethods': size=120000Kb used=610Kb max_used=610Kb free=119389Kb
 bounds [0x000001ad93260000, 0x000001ad934d0000, 0x000001ad9a790000]
CodeHeap 'non-nmethods': size=5760Kb used=1120Kb max_used=1133Kb free=4639Kb
 bounds [0x000001ad92cc0000, 0x000001ad92f30000, 0x000001ad93260000]
 total_blobs=775 nmethods=414 adapters=274
 compilation: enabled
              stopped_count=0, restarted_count=0
 full_count=0

Compilation events (20 events):
Event: 1.382 Thread 0x000001ada9d9d000 nmethod 372 0x000001ad932df590 code [0x000001ad932df740, 0x000001ad932df878]
Event: 1.382 Thread 0x000001ada9d9d000  373       3       java.util.regex.ASCII::isAlpha (8 bytes)
Event: 1.382 Thread 0x000001ada9d9d000 nmethod 373 0x000001ad932df910 code [0x000001ad932dfae0, 0x000001ad932dfd58]
Event: 1.387 Thread 0x000001ada9d9d000  374 %     3       java.util.Properties$LineReader::readLine @ 53 (635 bytes)
Event: 1.391 Thread 0x000001ada9d9c000  377 %     4       java.lang.StringLatin1::toLowerCase @ 114 (180 bytes)
Event: 1.393 Thread 0x000001ada9d9d000 nmethod 374% 0x000001ad932dfe90 code [0x000001ad932e0260, 0x000001ad932e2c78]
Event: 1.393 Thread 0x000001ada9d9d000  375       3       java.util.LinkedHashMap::get (33 bytes)
Event: 1.393 Thread 0x000001ada9d9d000 nmethod 375 0x000001ad932e3890 code [0x000001ad932e3a80, 0x000001ad932e3ea8]
Event: 1.394 Thread 0x000001ada9d9d000  378       3       java.util.LinkedHashMap$LinkedKeyIterator::next (8 bytes)
Event: 1.394 Thread 0x000001ada9d9d000 nmethod 378 0x000001ad932e4010 code [0x000001ad932e41c0, 0x000001ad932e4308]
Event: 1.394 Thread 0x000001ada9d9d000  376       3       java.util.ArrayList::iterator (9 bytes)
Event: 1.394 Thread 0x000001ada9d9d000 nmethod 376 0x000001ad932e4410 code [0x000001ad932e45e0, 0x000001ad932e4858]
Event: 1.394 Thread 0x000001ada9d9d000  379       3       java.util.LinkedHashMap$LinkedHashIterator::hasNext (13 bytes)
Event: 1.394 Thread 0x000001ada9d9d000 nmethod 379 0x000001ad932e4990 code [0x000001ad932e4b40, 0x000001ad932e4c98]
Event: 1.394 Thread 0x000001ada9d9d000  380       3       java.util.regex.Pattern::unread (11 bytes)
Event: 1.395 Thread 0x000001ada9d9d000 nmethod 380 0x000001ad932e4d10 code [0x000001ad932e4ec0, 0x000001ad932e4fb8]
Event: 1.396 Thread 0x000001ada9d9d000  382       3       java.io.WinNTFileSystem::isLetter (30 bytes)
Event: 1.396 Thread 0x000001ada9d9d000 nmethod 382 0x000001ad932e5090 code [0x000001ad932e5240, 0x000001ad932e5458]
Event: 1.396 Thread 0x000001ada9d9d000  383   !   3       java.util.zip.ZipFile::getEntry (73 bytes)
Event: 1.397 Thread 0x000001ada9d9d000 nmethod 383 0x000001ad932e5510 code [0x000001ad932e5720, 0x000001ad932e5d68]

GC Heap History (0 events):
No events

Deoptimization events (20 events):
Event: 1.292 Thread 0x000001ad8f1c1800 DEOPT PACKING pc=0x000001ad9329e09b sp=0x00000025c60fda60
Event: 1.292 Thread 0x000001ad8f1c1800 DEOPT UNPACKING pc=0x000001ad92d0a95e sp=0x00000025c60fced0 mode 0
Event: 1.294 Thread 0x000001ad8f1c1800 DEOPT PACKING pc=0x000001ad9329e09b sp=0x00000025c60fda60
Event: 1.294 Thread 0x000001ad8f1c1800 DEOPT UNPACKING pc=0x000001ad92d0a95e sp=0x00000025c60fced0 mode 0
Event: 1.340 Thread 0x000001ad8f1c1800 DEOPT PACKING pc=0x000001ad932afb5b sp=0x00000025c60fd780
Event: 1.340 Thread 0x000001ad8f1c1800 DEOPT UNPACKING pc=0x000001ad92d0a95e sp=0x00000025c60fcbf8 mode 0
Event: 1.340 Thread 0x000001ad8f1c1800 DEOPT PACKING pc=0x000001ad932afb5b sp=0x00000025c60fd780
Event: 1.340 Thread 0x000001ad8f1c1800 DEOPT UNPACKING pc=0x000001ad92d0a95e sp=0x00000025c60fcbf8 mode 0
Event: 1.345 Thread 0x000001ad8f1c1800 DEOPT PACKING pc=0x000001ad932afb5b sp=0x00000025c60fd780
Event: 1.345 Thread 0x000001ad8f1c1800 DEOPT UNPACKING pc=0x000001ad92d0a95e sp=0x00000025c60fcbf8 mode 0
Event: 1.345 Thread 0x000001ad8f1c1800 DEOPT PACKING pc=0x000001ad932afb5b sp=0x00000025c60fd780
Event: 1.346 Thread 0x000001ad8f1c1800 DEOPT UNPACKING pc=0x000001ad92d0a95e sp=0x00000025c60fcbf8 mode 0
Event: 1.349 Thread 0x000001ad8f1c1800 DEOPT PACKING pc=0x000001ad932afb5b sp=0x00000025c60fd780
Event: 1.349 Thread 0x000001ad8f1c1800 DEOPT UNPACKING pc=0x000001ad92d0a95e sp=0x00000025c60fcbf8 mode 0
Event: 1.349 Thread 0x000001ad8f1c1800 DEOPT PACKING pc=0x000001ad932afb5b sp=0x00000025c60fd780
Event: 1.349 Thread 0x000001ad8f1c1800 DEOPT UNPACKING pc=0x000001ad92d0a95e sp=0x00000025c60fcbf8 mode 0
Event: 1.352 Thread 0x000001ad8f1c1800 DEOPT PACKING pc=0x000001ad932afb5b sp=0x00000025c60fd780
Event: 1.352 Thread 0x000001ad8f1c1800 DEOPT UNPACKING pc=0x000001ad92d0a95e sp=0x00000025c60fcbf8 mode 0
Event: 1.352 Thread 0x000001ad8f1c1800 DEOPT PACKING pc=0x000001ad932afb5b sp=0x00000025c60fd780
Event: 1.352 Thread 0x000001ad8f1c1800 DEOPT UNPACKING pc=0x000001ad92d0a95e sp=0x00000025c60fcbf8 mode 0

Classes redefined (0 events):
No events

Internal exceptions (3 events):
Event: 0.690 Thread 0x000001ad8f1c1800 Exception <a 'java/lang/NoSuchMethodError'{0x000000008a0a0020}: 'int java.lang.invoke.DirectMethodHandle$Holder.invokeSpecialIFC(java.lang.Object, java.lang.Object, int)'> (0x000000008a0a0020) thrown at [./src/hotspot/share/interpreter/linkResolver.cpp, line 773]
Event: 1.129 Thread 0x000001ad8f1c1800 Exception <a 'java/lang/NoSuchMethodError'{0x0000000089e6da90}: 'int java.lang.invoke.DirectMethodHandle$Holder.invokeStaticInit(java.lang.Object, java.lang.Object)'> (0x0000000089e6da90) thrown at [./src/hotspot/share/interpreter/linkResolver.cpp, line 773]
Event: 1.282 Thread 0x000001ad8f1c1800 Exception <a 'java/lang/NoSuchMethodError'{0x0000000089d36140}: 'int java.lang.invoke.DirectMethodHandle$Holder.invokeSpecial(java.lang.Object, java.lang.Object, java.lang.Object, java.lang.Object)'> (0x0000000089d36140) thrown at [./src/hotspot/share/interpreter/linkResolver.cpp, line 773]

Events (20 events):
Event: 1.265 loading class org/gradle/internal/service/ServiceLookupException
Event: 1.265 loading class org/gradle/internal/service/ServiceLookupException done
Event: 1.267 loading class org/gradle/internal/service/CachingServiceLocator
Event: 1.267 loading class org/gradle/internal/service/CachingServiceLocator done
Event: 1.275 loading class org/gradle/api/internal/classpath/DefaultModuleRegistry$DefaultModule
Event: 1.275 loading class org/gradle/api/internal/classpath/DefaultModuleRegistry$DefaultModule done
Event: 1.278 loading class java/util/Collections$1
Event: 1.278 loading class java/util/Collections$1 done
Event: 1.284 loading class org/gradle/api/internal/classpath/DefaultModuleRegistry
Event: 1.284 loading class org/gradle/api/internal/classpath/DefaultModuleRegistry done
Event: 1.304 loading class java/lang/invoke/DirectMethodHandle$Constructor
Event: 1.305 loading class java/lang/invoke/DirectMethodHandle$Constructor done
Event: 1.312 loading class org/gradle/util/internal/GUtil
Event: 1.312 loading class org/gradle/util/internal/GUtil done
Event: 1.328 loading class org/gradle/api/Transformer
Event: 1.328 loading class org/gradle/api/Transformer done
Event: 1.331 loading class org/gradle/internal/IoActions
Event: 1.331 loading class org/gradle/internal/IoActions done
Event: 1.334 loading class org/gradle/api/Action
Event: 1.334 loading class org/gradle/api/Action done


Dynamic libraries:
0x00007ff66ae70000 - 0x00007ff66ae7a000 	D:\a_dev\AndroidStudio\jre\bin\java.exe
0x00007ff968040000 - 0x00007ff968249000 	C:\WINDOWS\SYSTEM32\ntdll.dll
0x00007ff966270000 - 0x00007ff96632d000 	C:\WINDOWS\System32\KERNEL32.DLL
0x00007ff965ad0000 - 0x00007ff965e49000 	C:\WINDOWS\System32\KERNELBASE.dll
0x00007ff9625b0000 - 0x00007ff962641000 	C:\WINDOWS\SYSTEM32\apphelp.dll
0x00007ff965940000 - 0x00007ff965a51000 	C:\WINDOWS\System32\ucrtbase.dll
0x00007ff94c2a0000 - 0x00007ff94c2b9000 	D:\a_dev\AndroidStudio\jre\bin\jli.dll
0x00007ff94c280000 - 0x00007ff94c297000 	D:\a_dev\AndroidStudio\jre\bin\VCRUNTIME140.dll
0x00007ff967e40000 - 0x00007ff967fec000 	C:\WINDOWS\System32\USER32.dll
0x00007ff947330000 - 0x00007ff9475d5000 	C:\WINDOWS\WinSxS\amd64_microsoft.windows.common-controls_6595b64144ccf1df_6.0.22000.120_none_9d947278b86cc467\COMCTL32.dll
0x00007ff9657b0000 - 0x00007ff9657d6000 	C:\WINDOWS\System32\win32u.dll
0x00007ff966390000 - 0x00007ff966433000 	C:\WINDOWS\System32\msvcrt.dll
0x00007ff9666c0000 - 0x00007ff9666e9000 	C:\WINDOWS\System32\GDI32.dll
0x00007ff965690000 - 0x00007ff9657a2000 	C:\WINDOWS\System32\gdi32full.dll
0x00007ff9657e0000 - 0x00007ff96587d000 	C:\WINDOWS\System32\msvcp_win.dll
0x00007ff967c70000 - 0x00007ff967ca1000 	C:\WINDOWS\System32\IMM32.DLL
0x00007ff91a420000 - 0x00007ff91a4bd000 	D:\a_dev\AndroidStudio\jre\bin\msvcp140.dll
0x00007ff8e86d0000 - 0x00007ff8e91b5000 	D:\a_dev\AndroidStudio\jre\bin\server\jvm.dll
0x00007ff9674f0000 - 0x00007ff96759e000 	C:\WINDOWS\System32\ADVAPI32.dll
0x00007ff9675a0000 - 0x00007ff96763e000 	C:\WINDOWS\System32\sechost.dll
0x00007ff967b30000 - 0x00007ff967c50000 	C:\WINDOWS\System32\RPCRT4.dll
0x00007ff9666b0000 - 0x00007ff9666b8000 	C:\WINDOWS\System32\PSAPI.DLL
0x00007ff95cf30000 - 0x00007ff95cf63000 	C:\WINDOWS\SYSTEM32\WINMM.dll
0x00007ff95bcd0000 - 0x00007ff95bcd9000 	C:\WINDOWS\SYSTEM32\WSOCK32.dll
0x00007ff95cc10000 - 0x00007ff95cc1a000 	C:\WINDOWS\SYSTEM32\VERSION.dll
0x00007ff966640000 - 0x00007ff9666af000 	C:\WINDOWS\System32\WS2_32.dll
0x00007ff9646d0000 - 0x00007ff9646e8000 	C:\WINDOWS\SYSTEM32\kernel.appcore.dll
0x00007ff94c260000 - 0x00007ff94c271000 	D:\a_dev\AndroidStudio\jre\bin\verify.dll
0x00007ff962cd0000 - 0x00007ff962ef1000 	C:\WINDOWS\SYSTEM32\DBGHELP.DLL
0x00007ff94d4e0000 - 0x00007ff94d511000 	C:\WINDOWS\SYSTEM32\dbgcore.DLL
0x00007ff965e50000 - 0x00007ff965ecf000 	C:\WINDOWS\System32\bcryptPrimitives.dll
0x00007ff94c230000 - 0x00007ff94c259000 	D:\a_dev\AndroidStudio\jre\bin\java.dll
0x00007ff94c220000 - 0x00007ff94c22b000 	D:\a_dev\AndroidStudio\jre\bin\jimage.dll
0x00007ff931c20000 - 0x00007ff931c38000 	D:\a_dev\AndroidStudio\jre\bin\zip.dll
0x00007ff9666f0000 - 0x00007ff966ea8000 	C:\WINDOWS\System32\SHELL32.dll
0x00007ff963630000 - 0x00007ff963e97000 	C:\WINDOWS\SYSTEM32\windows.storage.dll
0x00007ff967170000 - 0x00007ff9674e9000 	C:\WINDOWS\System32\combase.dll
0x00007ff9634c0000 - 0x00007ff963626000 	C:\WINDOWS\SYSTEM32\wintypes.dll
0x00007ff9660a0000 - 0x00007ff96618a000 	C:\WINDOWS\System32\SHCORE.dll
0x00007ff966330000 - 0x00007ff96638d000 	C:\WINDOWS\System32\shlwapi.dll
0x00007ff965450000 - 0x00007ff965471000 	C:\WINDOWS\SYSTEM32\profapi.dll
0x00007ff95bcb0000 - 0x00007ff95bcca000 	D:\a_dev\AndroidStudio\jre\bin\net.dll
0x00007ff95d1d0000 - 0x00007ff95d2dc000 	C:\WINDOWS\SYSTEM32\WINHTTP.dll
0x00007ff964b10000 - 0x00007ff964b77000 	C:\WINDOWS\system32\mswsock.dll
0x00007ff94f9f0000 - 0x00007ff94fa04000 	D:\a_dev\AndroidStudio\jre\bin\nio.dll

dbghelp: loaded successfully - version: 4.0.5 - missing functions: none
symbol engine: initialized successfully - sym options: 0x614 - pdb path: .;D:\a_dev\AndroidStudio\jre\bin;C:\WINDOWS\SYSTEM32;C:\WINDOWS\WinSxS\amd64_microsoft.windows.common-controls_6595b64144ccf1df_6.0.22000.120_none_9d947278b86cc467;D:\a_dev\AndroidStudio\jre\bin\server

VM Arguments:
jvm_args: -Dorg.gradle.appname=gradlew 
java_command: org.gradle.wrapper.GradleWrapperMain -q -Ptarget-platform=android-x64 -Ptarget=D:\systemBackupFolder\Desktop\flutter save encrypt\encrypt\lib\main.dart -Pbase-application-name=android.app.Application -Pdart-defines=RkxVVFRFUl9XRUJfQVVUT19ERVRFQ1Q9dHJ1ZQ== -Pdart-obfuscation=false -Ptrack-widget-creation=true -Ptree-shake-icons=false -Pfilesystem-scheme=org-dartlang-root assembleDebug
java_class_path (initial): D:\systemBackupFolder\Desktop\flutter save encrypt\encrypt\android\\gradle\wrapper\gradle-wrapper.jar
Launcher Type: SUN_STANDARD

[Global flags]
     intx CICompilerCount                          = 4                                         {product} {ergonomic}
     uint ConcGCThreads                            = 2                                         {product} {ergonomic}
     uint G1ConcRefinementThreads                  = 8                                         {product} {ergonomic}
   size_t G1HeapRegionSize                         = 1048576                                   {product} {ergonomic}
    uintx GCDrainStackTargetSize                   = 64                                        {product} {ergonomic}
   size_t InitialHeapSize                          = 132120576                                 {product} {ergonomic}
   size_t MarkStackSize                            = 4194304                                   {product} {ergonomic}
   size_t MaxHeapSize                              = 2109734912                                {product} {ergonomic}
   size_t MaxNewSize                               = 1265631232                                {product} {ergonomic}
   size_t MinHeapDeltaBytes                        = 1048576                                   {product} {ergonomic}
    uintx NonNMethodCodeHeapSize                   = 5836300                                {pd product} {ergonomic}
    uintx NonProfiledCodeHeapSize                  = 122910970                              {pd product} {ergonomic}
    uintx ProfiledCodeHeapSize                     = 122910970                              {pd product} {ergonomic}
    uintx ReservedCodeCacheSize                    = 251658240                              {pd product} {ergonomic}
     bool SegmentedCodeCache                       = true                                      {product} {ergonomic}
     bool UseCompressedClassPointers               = true                                 {lp64_product} {ergonomic}
     bool UseCompressedOops                        = true                                 {lp64_product} {ergonomic}
     bool UseG1GC                                  = true                                      {product} {ergonomic}
     bool UseLargePagesIndividualAllocation        = false                                  {pd product} {ergonomic}

Logging:
Log output configuration:
 #0: stdout all=warning uptime,level,tags
 #1: stderr all=off uptime,level,tags

Environment Variables:
JAVA_HOME=D:\a_dev\AndroidStudio\jre
CLASSPATH=D:\systemBackupFolder\Desktop\flutter save encrypt\encrypt\android\\gradle\wrapper\gradle-wrapper.jar
PATH=C:\WINDOWS\system32;C:\WINDOWS;C:\WINDOWS\System32\Wbem;C:\WINDOWS\System32\WindowsPowerShell\v1.0\;C:\WINDOWS\System32\OpenSSH\;C:\Program Files (x86)\NVIDIA Corporation\PhysX\Common;D:\a_dev\NodeJs\;C:\xampp\php;C:\composer;D:\a_dev\xampp\php;D:\a_dev\Git\cmd;C:\Users\Ashish Pal\AppData\Local\Programs\Python\Python310\Scripts\;C:\Users\Ashish Pal\AppData\Local\Programs\Python\Python310\;C:\Users\Ashish Pal\AppData\Local\Microsoft\WindowsApps;C:\Users\Ashish Pal\AppData\Local\Programs\Microsoft VS Code\bin;D:\a_dev\flutter\bin;D:\a_dev\JDK\bin;D:\a_dev\AndroidStudio\bin;C:\Users\Ashish Pal\AppData\Roaming\npm;D:\a_dev\AndroidSDK\platform-tools;C:\Program Files\MongoDB\Server\5.0\bin;C:\Users\Ashish Pal\AppData\Local\Pub\Cache\bin;C:\Users\Ashish Pal\AppData\Local\GitHubDesktop\bin;C:\Users\Ashish Pal\AppData\Roaming\Composer\vendor\bin;D:\a_dev\flutter\bin\mingit\cmd
USERNAME=Ashish
OS=Windows_NT
PROCESSOR_IDENTIFIER=Intel64 Family 6 Model 142 Stepping 11, GenuineIntel



---------------  S Y S T E M  ---------------

OS: Windows 10 , 64 bit Build 22000 (10.0.22000.708)
OS uptime: 0 days 0:13 hours
Hyper-V role detected

CPU:total 8 (initial active 8) (4 cores per cpu, 2 threads per core) family 6 model 142 stepping 11 microcode 0xde, cmov, cx8, fxsr, mmx, sse, sse2, sse3, ssse3, sse4.1, sse4.2, popcnt, avx, avx2, aes, clmul, erms, 3dnowpref, lzcnt, ht, tsc, tscinvbit, bmi1, bmi2, adx, fma

Memory: 4k page, system-wide physical 8042M (257M free)
TotalPageFile size 15620M (AvailPageFile size 0M)
current process WorkingSet (physical memory assigned to process): 49M, peak: 49M
current process commit charge ("private bytes"): 207M, peak: 207M

vm_info: OpenJDK 64-Bit Server VM (11.0.12+7-b1504.28-7817840) for windows-amd64 JRE (11.0.12+7-b1504.28-7817840), built on Oct 13 2021 22:12:33 by "builder" with MS VC++ 14.0 (VS2015)

END.
