#
# There is insufficient memory for the Java Runtime Environment to continue.
# Native memory allocation (malloc) failed to allocate 1048576 bytes for AllocateHeap
# Possible reasons:
#   The system is out of physical RAM or swap space
#   The process is running with CompressedOops enabled, and the Java Heap may be blocking the growth of the native heap
# Possible solutions:
#   Reduce memory load on the system
#   Increase physical memory or swap space
#   Check if swap backing store is full
#   Decrease Java heap size (-Xmx/-Xms)
#   Decrease number of Java threads
#   Decrease Java thread stack sizes (-Xss)
#   Set larger code cache with -XX:ReservedCodeCacheSize=
#   JVM is running with Unscaled Compressed Oops mode in which the Java heap is
#     placed in the first 4GB address space. The Java Heap base address is the
#     maximum limit for the native heap growth. Please use -XX:HeapBaseMinAddress
#     to set the Java Heap base and to place the Java Heap above 4GB virtual address.
# This output file may be truncated or incomplete.
#
#  Out of Memory Error (./open/src/hotspot/share/memory/allocation.cpp:44), pid=11004, tid=1832
#
# JRE version: Java(TM) SE Runtime Environment (14.0.1+7) (build 14.0.1+7)
# Java VM: Java HotSpot(TM) 64-Bit Server VM (14.0.1+7, mixed mode, sharing, tiered, compressed oops, g1 gc, windows-amd64)
# No core dump will be written. Minidumps are not enabled by default on client versions of Windows
#

---------------  S U M M A R Y ------------

Command Line: --add-opens=java.base/java.util=ALL-UNNAMED --add-opens=java.base/java.lang=ALL-UNNAMED --add-opens=java.base/java.lang.invoke=ALL-UNNAMED --add-opens=java.base/java.util=ALL-UNNAMED --add-opens=java.prefs/java.util.prefs=ALL-UNNAMED --add-opens=java.prefs/java.util.prefs=ALL-UNNAMED --add-opens=java.base/java.nio.charset=ALL-UNNAMED --add-opens=java.base/java.net=ALL-UNNAMED --add-opens=java.base/java.util.concurrent.atomic=ALL-UNNAMED -Xmx1536M -Dfile.encoding=windows-1252 -Duser.country=IN -Duser.language=en -Duser.variant org.gradle.launcher.daemon.bootstrap.GradleDaemon 7.4

Host: Intel(R) Core(TM) i5-8265U CPU @ 1.60GHz, 8 cores, 7G,  Windows 10 , 64 bit Build 22000 (10.0.22000.708)
Time: Tue Jul 19 06:10:30 2022 India Standard Time elapsed time: 14 seconds (0d 0h 0m 14s)

---------------  T H R E A D  ---------------

Current thread (0x0000018df41ed800):  VMThread "VM Thread" [stack: 0x0000001539700000,0x0000001539800000] [id=1832]

Stack: [0x0000001539700000,0x0000001539800000]
[error occurred during error reporting (printing stack bounds), id 0xc0000005, EXCEPTION_ACCESS_VIOLATION (0xc0000005) at pc=0x0000018ddeb910ad]

Native frames: (J=compiled Java code, j=interpreted, Vv=VM code, C=native code)
V  [jvm.dll+0x5f840a]
V  [jvm.dll+0x741e4a]
V  [jvm.dll+0x7435ff]
V  [jvm.dll+0x743ba5]
V  [jvm.dll+0x743b5b]
V  [jvm.dll+0x5f793f]
V  [jvm.dll+0x5f80a8]
C  [ntdll.dll+0xa8eaf]
C  [ntdll.dll+0x35e9a]
C  [ntdll.dll+0xa7ebe]
C  0x0000018ddeb910ad

VM_Operation (0x000000153acfe500): CollectForMetadataAllocation, mode: safepoint, requested by thread 0x0000018df60ba800


---------------  P R O C E S S  ---------------

Threads class SMR info:
_java_thread_list=0x0000018df7244670, length=30, elements={
0x0000018dd63f6800, 0x0000018df4201000, 0x0000018df4202800, 0x0000018df4222000,
0x0000018df4225000, 0x0000018df4228000, 0x0000018df4229800, 0x0000018df422c800,
0x0000018df422e800, 0x0000018df4c70000, 0x0000018df4c9a800, 0x0000018df6665800,
0x0000018df6000000, 0x0000018df6d9c800, 0x0000018df656d000, 0x0000018df6d9d800,
0x0000018df60ba000, 0x0000018df60ba800, 0x0000018df6651800, 0x0000018df6652000,
0x0000018df4ef1800, 0x0000018df4ef4000, 0x0000018df4ef5800, 0x0000018df4ef5000,
0x0000018df4ef6800, 0x0000018df4ef3000, 0x0000018df4efd000, 0x0000018df4efe000,
0x0000018df4efb800, 0x0000018df4eff800
}

Java Threads: ( => current thread )
  0x0000018dd63f6800 JavaThread "main" [_thread_blocked, id=10888, stack(0x0000001539100000,0x0000001539200000)]
  0x0000018df4201000 JavaThread "Reference Handler" daemon [_thread_blocked, id=3868, stack(0x0000001539800000,0x0000001539900000)]
  0x0000018df4202800 JavaThread "Finalizer" daemon [_thread_blocked, id=6124, stack(0x0000001539900000,0x0000001539a00000)]
  0x0000018df4222000 JavaThread "Signal Dispatcher" daemon [_thread_blocked, id=6176, stack(0x0000001539a00000,0x0000001539b00000)]
  0x0000018df4225000 JavaThread "Attach Listener" daemon [_thread_blocked, id=10688, stack(0x0000001539b00000,0x0000001539c00000)]
  0x0000018df4228000 JavaThread "Service Thread" daemon [_thread_blocked, id=1076, stack(0x0000001539c00000,0x0000001539d00000)]
  0x0000018df4229800 JavaThread "C2 CompilerThread0" daemon [_thread_blocked, id=9740, stack(0x0000001539d00000,0x0000001539e00000)]
  0x0000018df422c800 JavaThread "C1 CompilerThread0" daemon [_thread_blocked, id=4084, stack(0x0000001539e00000,0x0000001539f00000)]
  0x0000018df422e800 JavaThread "Sweeper thread" daemon [_thread_blocked, id=9864, stack(0x0000001539f00000,0x000000153a000000)]
  0x0000018df4c70000 JavaThread "Common-Cleaner" daemon [_thread_blocked, id=13880, stack(0x000000153a000000,0x000000153a100000)]
  0x0000018df4c9a800 JavaThread "Notification Thread" daemon [_thread_blocked, id=13912, stack(0x000000153a100000,0x000000153a200000)]
  0x0000018df6665800 JavaThread "Daemon health stats" [_thread_blocked, id=6980, stack(0x000000153a300000,0x000000153a400000)]
  0x0000018df6000000 JavaThread "Incoming local TCP Connector on port 54413" [_thread_in_native, id=11400, stack(0x000000153a700000,0x000000153a800000)]
  0x0000018df6d9c800 JavaThread "Daemon periodic checks" [_thread_blocked, id=5388, stack(0x000000153a800000,0x000000153a900000)]
  0x0000018df656d000 JavaThread "Daemon" [_thread_blocked, id=12152, stack(0x000000153a900000,0x000000153aa00000)]
  0x0000018df6d9d800 JavaThread "Handler for socket connection from /127.0.0.1:54413 to /127.0.0.1:54414" [_thread_in_native, id=10900, stack(0x000000153aa00000,0x000000153ab00000)]
  0x0000018df60ba000 JavaThread "Cancel handler" [_thread_blocked, id=15320, stack(0x000000153ab00000,0x000000153ac00000)]
  0x0000018df60ba800 JavaThread "Daemon worker" [_thread_blocked, id=2360, stack(0x000000153ac00000,0x000000153ad00000)]
  0x0000018df6651800 JavaThread "Asynchronous log dispatcher for DefaultDaemonConnection: socket connection from /127.0.0.1:54413 to /127.0.0.1:54414" [_thread_blocked, id=2344, stack(0x000000153ad00000,0x000000153ae00000)]
  0x0000018df6652000 JavaThread "Cache worker for journal cache (D:\a_dev\.gradle\caches\journal-1)" [_thread_blocked, id=6876, stack(0x000000153b500000,0x000000153b600000)]
  0x0000018df4ef1800 JavaThread "File lock request listener" [_thread_blocked, id=13932, stack(0x000000153b600000,0x000000153b700000)]
  0x0000018df4ef4000 JavaThread "Cache worker for file hash cache (D:\a_dev\.gradle\caches\7.4\fileHashes)" [_thread_blocked, id=1740, stack(0x000000153b700000,0x000000153b800000)]
  0x0000018df4ef5800 JavaThread "File lock release action executor" [_thread_blocked, id=10420, stack(0x000000153b800000,0x000000153b900000)]
  0x0000018df4ef5000 JavaThread "File watcher server" daemon [_thread_in_native, id=12156, stack(0x000000153b900000,0x000000153ba00000)]
  0x0000018df4ef6800 JavaThread "File watcher consumer" daemon [_thread_blocked, id=15244, stack(0x000000153ba00000,0x000000153bb00000)]
  0x0000018df4ef3000 JavaThread "Cache worker for execution history cache (D:\a_dev\.gradle\caches\7.4\executionHistory)" [_thread_blocked, id=12604, stack(0x000000153c000000,0x000000153c100000)]
  0x0000018df4efd000 JavaThread "jar transforms" [_thread_blocked, id=4652, stack(0x000000153c100000,0x000000153c200000)]
  0x0000018df4efe000 JavaThread "jar transforms Thread 2" [_thread_blocked, id=12804, stack(0x000000153c200000,0x000000153c300000)]
  0x0000018df4efb800 JavaThread "Cache worker for file content cache (D:\a_dev\.gradle\caches\7.4\fileContent)" [_thread_blocked, id=10628, stack(0x000000153c300000,0x000000153c400000)]
  0x0000018df4eff800 JavaThread "jar transforms Thread 3" [_thread_blocked, id=13736, stack(0x000000153c400000,0x000000153c500000)]

Other Threads:
=>0x0000018df41ed800 VMThread "VM Thread" [stack: 0x0000001539700000,0x0000001539800000] [id=1832]
  0x0000018df4c9c000 WatcherThread [stack: 0x000000153a200000,0x000000153a300000] [id=15240]
  0x0000018dd6429000 GCTaskThread "GC Thread#0" [stack: 0x0000001539200000,0x0000001539300000] [id=1396]
  0x0000018df5b07000 GCTaskThread "GC Thread#1" [stack: 0x000000153a400000,0x000000153a500000] [id=1220]
  0x0000018df5889000 GCTaskThread "GC Thread#2" [stack: 0x000000153a500000,0x000000153a600000] [id=11180]
  0x0000018df5c8e800 GCTaskThread "GC Thread#3" [stack: 0x000000153b000000,0x000000153b100000] [id=15036]
  0x0000018df4c99000 GCTaskThread "GC Thread#4" [stack: 0x000000153b100000,0x000000153b200000] [id=13384]
  0x0000018df4c99800 GCTaskThread "GC Thread#5" [stack: 0x000000153b200000,0x000000153b300000] [id=4624]
  0x0000018df4c14800 GCTaskThread "GC Thread#6" [stack: 0x000000153b300000,0x000000153b400000] [id=12076]
  0x0000018df56c0000 GCTaskThread "GC Thread#7" [stack: 0x000000153b400000,0x000000153b500000] [id=7388]
  0x0000018dd6436800 ConcurrentGCThread "G1 Main Marker" [stack: 0x0000001539300000,0x0000001539400000] [id=2736]
  0x0000018dd6437800 ConcurrentGCThread "G1 Conc#0" [stack: 0x0000001539400000,0x0000001539500000] [id=14420]
  0x0000018df6626000 ConcurrentGCThread "G1 Conc#1" [stack: 0x000000153be00000,0x000000153bf00000] [id=11604]
  0x0000018dd64bd800 ConcurrentGCThread "G1 Refine#0" [stack: 0x0000001539500000,0x0000001539600000] [id=11888]
  0x0000018df4d30000 ConcurrentGCThread "G1 Refine#1" [stack: 0x000000153a600000,0x000000153a700000] [id=13908]
  0x0000018df4066800 ConcurrentGCThread "G1 Young RemSet Sampling" [stack: 0x0000001539600000,0x0000001539700000] [id=14736]

Threads with active compile tasks:

VM state:at safepoint (normal execution)

VM Mutex/Monitor currently owned by a thread:  ([mutex/lock_event])
[0x0000018dd63f0ed0] Threads_lock - owner thread: 0x0000018df41ed800
[0x0000018dd63f1a10] Heap_lock - owner thread: 0x0000018df60ba800

OutOfMemory and StackOverflow Exception counts:
OutOfMemoryError java_heap_errors=1
LinkageErrors=58

Heap address: 0x00000000a0000000, size: 1536 MB, Compressed Oops mode: 32-bit
Narrow klass base: 0x0000000800000000, Narrow klass shift: 3
Compressed class space size: 1073741824 Address: 0x0000000800b30000

Heap:
 garbage-first heap   total 78848K, used 28280K [0x00000000a0000000, 0x0000000100000000)
  region size 1024K, 2 young (2048K), 2 survivors (2048K)
 Metaspace       used 32305K, capacity 33199K, committed 33280K, reserved 1093632K
  class space    used 4481K, capacity 4825K, committed 4864K, reserved 1048576K
Heap Regions: E=young(eden), S=young(survivor), O=old, HS=humongous(starts), HC=humongous(continues), CS=collection set, F=free, OA=open archive, CA=closed archive, TAMS=top-at-mark-start (previous, next)
|   0|0x00000000a0000000, 0x00000000a0100000, 0x00000000a0100000|100%| O|  |TAMS 0x00000000a0100000, 0x00000000a0100000| Untracked 
|   1|0x00000000a0100000, 0x00000000a0200000, 0x00000000a0200000|100%| O|  |TAMS 0x00000000a0200000, 0x00000000a0200000| Untracked 
|   2|0x00000000a0200000, 0x00000000a0300000, 0x00000000a0300000|100%| O|  |TAMS 0x00000000a0300000, 0x00000000a0300000| Untracked 
|   3|0x00000000a0300000, 0x00000000a0400000, 0x00000000a0400000|100%|HS|  |TAMS 0x00000000a0400000, 0x00000000a0400000| Complete 
|   4|0x00000000a0400000, 0x00000000a0500000, 0x00000000a0500000|100%|HC|  |TAMS 0x00000000a0500000, 0x00000000a0500000| Complete 
|   5|0x00000000a0500000, 0x00000000a0600000, 0x00000000a0600000|100%|HC|  |TAMS 0x00000000a0600000, 0x00000000a0600000| Complete 
|   6|0x00000000a0600000, 0x00000000a0700000, 0x00000000a0700000|100%| O|  |TAMS 0x00000000a0700000, 0x00000000a0700000| Untracked 
|   7|0x00000000a0700000, 0x00000000a0800000, 0x00000000a0800000|100%| O|  |TAMS 0x00000000a0800000, 0x00000000a0800000| Untracked 
|   8|0x00000000a0800000, 0x00000000a0900000, 0x00000000a0900000|100%| O|  |TAMS 0x00000000a0900000, 0x00000000a0900000| Untracked 
|   9|0x00000000a0900000, 0x00000000a0a00000, 0x00000000a0a00000|100%| O|  |TAMS 0x00000000a0a00000, 0x00000000a0a00000| Untracked 
|  10|0x00000000a0a00000, 0x00000000a0b00000, 0x00000000a0b00000|100%| O|  |TAMS 0x00000000a0b00000, 0x00000000a0b00000| Untracked 
|  11|0x00000000a0b00000, 0x00000000a0c00000, 0x00000000a0c00000|100%| O|  |TAMS 0x00000000a0c00000, 0x00000000a0c00000| Untracked 
|  12|0x00000000a0c00000, 0x00000000a0d00000, 0x00000000a0d00000|100%| O|  |TAMS 0x00000000a0d00000, 0x00000000a0d00000| Untracked 
|  13|0x00000000a0d00000, 0x00000000a0e00000, 0x00000000a0e00000|100%| O|  |TAMS 0x00000000a0e00000, 0x00000000a0e00000| Untracked 
|  14|0x00000000a0e00000, 0x00000000a0f00000, 0x00000000a0f00000|100%| O|  |TAMS 0x00000000a0f00000, 0x00000000a0f00000| Untracked 
|  15|0x00000000a0f00000, 0x00000000a1000000, 0x00000000a1000000|100%| O|  |TAMS 0x00000000a1000000, 0x00000000a1000000| Untracked 
|  16|0x00000000a1000000, 0x00000000a102dc00, 0x00000000a1100000| 17%| O|  |TAMS 0x00000000a102dc00, 0x00000000a102dc00| Untracked 
|  17|0x00000000a1100000, 0x00000000a1200000, 0x00000000a1200000|100%| O|  |TAMS 0x00000000a1200000, 0x00000000a1200000| Untracked 
|  18|0x00000000a1200000, 0x00000000a1300000, 0x00000000a1300000|100%| O|  |TAMS 0x00000000a1200000, 0x00000000a1300000| Untracked 
|  19|0x00000000a1300000, 0x00000000a1400000, 0x00000000a1400000|100%| O|  |TAMS 0x00000000a1300000, 0x00000000a1400000| Untracked 
|  20|0x00000000a1400000, 0x00000000a1500000, 0x00000000a1500000|100%| O|  |TAMS 0x00000000a1400000, 0x00000000a1500000| Untracked 
|  21|0x00000000a1500000, 0x00000000a1600000, 0x00000000a1600000|100%| O|  |TAMS 0x00000000a1600000, 0x00000000a1600000| Untracked 
|  22|0x00000000a1600000, 0x00000000a1700000, 0x00000000a1700000|100%| O|  |TAMS 0x00000000a1700000, 0x00000000a1700000| Untracked 
|  23|0x00000000a1700000, 0x00000000a1800000, 0x00000000a1800000|100%| O|  |TAMS 0x00000000a1800000, 0x00000000a1800000| Untracked 
|  24|0x00000000a1800000, 0x00000000a1900000, 0x00000000a1900000|100%| O|  |TAMS 0x00000000a1900000, 0x00000000a1900000| Untracked 
|  25|0x00000000a1900000, 0x00000000a1900000, 0x00000000a1a00000|  0%| F|  |TAMS 0x00000000a1900000, 0x00000000a1900000| Untracked 
|  26|0x00000000a1a00000, 0x00000000a1a00000, 0x00000000a1b00000|  0%| F|  |TAMS 0x00000000a1a00000, 0x00000000a1a00000| Untracked 
|  27|0x00000000a1b00000, 0x00000000a1b00000, 0x00000000a1c00000|  0%| F|  |TAMS 0x00000000a1b00000, 0x00000000a1b00000| Untracked 
|  28|0x00000000a1c00000, 0x00000000a1c00000, 0x00000000a1d00000|  0%| F|  |TAMS 0x00000000a1c00000, 0x00000000a1c00000| Untracked 
|  29|0x00000000a1d00000, 0x00000000a1d00000, 0x00000000a1e00000|  0%| F|  |TAMS 0x00000000a1d00000, 0x00000000a1d00000| Untracked 
|  30|0x00000000a1e00000, 0x00000000a1e00000, 0x00000000a1f00000|  0%| F|  |TAMS 0x00000000a1e00000, 0x00000000a1e00000| Untracked 
|  31|0x00000000a1f00000, 0x00000000a2000000, 0x00000000a2000000|100%| O|  |TAMS 0x00000000a2000000, 0x00000000a2000000| Untracked 
|  32|0x00000000a2000000, 0x00000000a2100000, 0x00000000a2100000|100%| O|  |TAMS 0x00000000a209d800, 0x00000000a2100000| Untracked 
|  33|0x00000000a2100000, 0x00000000a2100000, 0x00000000a2200000|  0%| F|  |TAMS 0x00000000a2100000, 0x00000000a2100000| Untracked 
|  34|0x00000000a2200000, 0x00000000a2200000, 0x00000000a2300000|  0%| F|  |TAMS 0x00000000a2200000, 0x00000000a2200000| Untracked 
|  35|0x00000000a2300000, 0x00000000a2300000, 0x00000000a2400000|  0%| F|  |TAMS 0x00000000a2300000, 0x00000000a2300000| Untracked 
|  36|0x00000000a2400000, 0x00000000a2400000, 0x00000000a2500000|  0%| F|  |TAMS 0x00000000a2400000, 0x00000000a2400000| Untracked 
|  37|0x00000000a2500000, 0x00000000a2500000, 0x00000000a2600000|  0%| F|  |TAMS 0x00000000a2500000, 0x00000000a2500000| Untracked 
|  38|0x00000000a2600000, 0x00000000a2600000, 0x00000000a2700000|  0%| F|  |TAMS 0x00000000a2600000, 0x00000000a2600000| Untracked 
|  39|0x00000000a2700000, 0x00000000a2700000, 0x00000000a2800000|  0%| F|  |TAMS 0x00000000a2700000, 0x00000000a2700000| Untracked 
|  40|0x00000000a2800000, 0x00000000a2800000, 0x00000000a2900000|  0%| F|  |TAMS 0x00000000a2800000, 0x00000000a2800000| Untracked 
|  41|0x00000000a2900000, 0x00000000a2900000, 0x00000000a2a00000|  0%| F|  |TAMS 0x00000000a2900000, 0x00000000a2900000| Untracked 
|  42|0x00000000a2a00000, 0x00000000a2a00000, 0x00000000a2b00000|  0%| F|  |TAMS 0x00000000a2a00000, 0x00000000a2a00000| Untracked 
|  43|0x00000000a2b00000, 0x00000000a2b00000, 0x00000000a2c00000|  0%| F|  |TAMS 0x00000000a2b00000, 0x00000000a2b00000| Untracked 
|  44|0x00000000a2c00000, 0x00000000a2c00000, 0x00000000a2d00000|  0%| F|  |TAMS 0x00000000a2c00000, 0x00000000a2c00000| Untracked 
|  45|0x00000000a2d00000, 0x00000000a2d00000, 0x00000000a2e00000|  0%| F|  |TAMS 0x00000000a2d00000, 0x00000000a2d00000| Untracked 
|  46|0x00000000a2e00000, 0x00000000a2e00000, 0x00000000a2f00000|  0%| F|  |TAMS 0x00000000a2e00000, 0x00000000a2e00000| Untracked 
|  47|0x00000000a2f00000, 0x00000000a2f00000, 0x00000000a3000000|  0%| F|  |TAMS 0x00000000a2f00000, 0x00000000a2f00000| Untracked 
|  48|0x00000000a3000000, 0x00000000a3000000, 0x00000000a3100000|  0%| F|  |TAMS 0x00000000a3000000, 0x00000000a3000000| Untracked 
|  49|0x00000000a3100000, 0x00000000a3100000, 0x00000000a3200000|  0%| F|  |TAMS 0x00000000a3100000, 0x00000000a3100000| Untracked 
|  50|0x00000000a3200000, 0x00000000a3200000, 0x00000000a3300000|  0%| F|  |TAMS 0x00000000a3200000, 0x00000000a3200000| Untracked 
|  51|0x00000000a3300000, 0x00000000a3300000, 0x00000000a3400000|  0%| F|  |TAMS 0x00000000a3300000, 0x00000000a3300000| Untracked 
|  52|0x00000000a3400000, 0x00000000a3400000, 0x00000000a3500000|  0%| F|  |TAMS 0x00000000a3400000, 0x00000000a3400000| Untracked 
|  53|0x00000000a3500000, 0x00000000a3500000, 0x00000000a3600000|  0%| F|  |TAMS 0x00000000a3500000, 0x00000000a3500000| Untracked 
|  54|0x00000000a3600000, 0x00000000a3600000, 0x00000000a3700000|  0%| F|  |TAMS 0x00000000a3600000, 0x00000000a3600000| Untracked 
|  55|0x00000000a3700000, 0x00000000a3700000, 0x00000000a3800000|  0%| F|  |TAMS 0x00000000a3700000, 0x00000000a3700000| Untracked 
|  56|0x00000000a3800000, 0x00000000a3800000, 0x00000000a3900000|  0%| F|  |TAMS 0x00000000a3800000, 0x00000000a3800000| Untracked 
|  57|0x00000000a3900000, 0x00000000a3900000, 0x00000000a3a00000|  0%| F|  |TAMS 0x00000000a3900000, 0x00000000a3900000| Untracked 
|  58|0x00000000a3a00000, 0x00000000a3a00000, 0x00000000a3b00000|  0%| F|  |TAMS 0x00000000a3a00000, 0x00000000a3a00000| Untracked 
|  59|0x00000000a3b00000, 0x00000000a3b00000, 0x00000000a3c00000|  0%| F|  |TAMS 0x00000000a3b00000, 0x00000000a3b00000| Untracked 
|  60|0x00000000a3c00000, 0x00000000a3c00000, 0x00000000a3d00000|  0%| F|  |TAMS 0x00000000a3c00000, 0x00000000a3c00000| Untracked 
|  61|0x00000000a3d00000, 0x00000000a3d00000, 0x00000000a3e00000|  0%| F|  |TAMS 0x00000000a3d00000, 0x00000000a3d00000| Untracked 
|  62|0x00000000a3e00000, 0x00000000a3e00000, 0x00000000a3f00000|  0%| F|  |TAMS 0x00000000a3e00000, 0x00000000a3e00000| Untracked 
|  63|0x00000000a3f00000, 0x00000000a3f00000, 0x00000000a4000000|  0%| F|  |TAMS 0x00000000a3f00000, 0x00000000a3f00000| Untracked 
|  64|0x00000000a4000000, 0x00000000a4000000, 0x00000000a4100000|  0%| F|  |TAMS 0x00000000a4000000, 0x00000000a4000000| Untracked 
|  65|0x00000000a4100000, 0x00000000a4100000, 0x00000000a4200000|  0%| F|  |TAMS 0x00000000a4100000, 0x00000000a4100000| Untracked 
|  66|0x00000000a4200000, 0x00000000a4200000, 0x00000000a4300000|  0%| F|  |TAMS 0x00000000a4200000, 0x00000000a4200000| Untracked 
|  67|0x00000000a4300000, 0x00000000a4300000, 0x00000000a4400000|  0%| F|  |TAMS 0x00000000a4300000, 0x00000000a4300000| Untracked 
|  68|0x00000000a4400000, 0x00000000a4400000, 0x00000000a4500000|  0%| F|  |TAMS 0x00000000a4400000, 0x00000000a4400000| Untracked 
|  69|0x00000000a4500000, 0x00000000a4500000, 0x00000000a4600000|  0%| F|  |TAMS 0x00000000a4500000, 0x00000000a4500000| Untracked 
|  70|0x00000000a4600000, 0x00000000a4600000, 0x00000000a4700000|  0%| F|  |TAMS 0x00000000a4600000, 0x00000000a4600000| Untracked 
|  94|0x00000000a5e00000, 0x00000000a5e00000, 0x00000000a5f00000|  0%| F|  |TAMS 0x00000000a5e00000, 0x00000000a5e00000| Untracked 
|  95|0x00000000a5f00000, 0x00000000a5f707e0, 0x00000000a6000000| 43%| S|CS|TAMS 0x00000000a5f00000, 0x00000000a5f00000| Complete 
|  96|0x00000000a6000000, 0x00000000a6100000, 0x00000000a6100000|100%| S|CS|TAMS 0x00000000a6000000, 0x00000000a6000000| Complete 
|  97|0x00000000a6100000, 0x00000000a6100000, 0x00000000a6200000|  0%| F|  |TAMS 0x00000000a6100000, 0x00000000a6100000| Untracked 
| 124|0x00000000a7c00000, 0x00000000a7c00000, 0x00000000a7d00000|  0%| F|  |TAMS 0x00000000a7c00000, 0x00000000a7c00000| Untracked 
| 125|0x00000000a7d00000, 0x00000000a7d00000, 0x00000000a7e00000|  0%| F|  |TAMS 0x00000000a7d00000, 0x00000000a7d00000| Untracked 

Card table byte_map: [0x0000018dee1c0000,0x0000018dee4c0000] _byte_map_base: 0x0000018dedcc0000

Marking Bits (Prev, Next): (CMBitMap*) 0x0000018dd6429788, (CMBitMap*) 0x0000018dd64297c8
 Prev Bits: [0x0000018dee7c0000, 0x0000018deffc0000)
 Next Bits: [0x0000018deffc0000, 0x0000018df17c0000)

Polling page: 0x0000018dd4380000

Metaspace:

Usage:
  Non-class:     27.71 MB capacity,    27.17 MB ( 98%) used,   460.66 KB (  2%) free+waste,    89.44 KB ( <1%) overhead. 
      Class:      4.71 MB capacity,     4.38 MB ( 93%) used,   298.38 KB (  6%) free+waste,    45.19 KB ( <1%) overhead. 
       Both:     32.42 MB capacity,    31.55 MB ( 97%) used,   759.04 KB (  2%) free+waste,   134.63 KB ( <1%) overhead. 

Virtual space:
  Non-class space:       44.00 MB reserved,      27.75 MB ( 63%) committed 
      Class space:        1.00 GB reserved,       4.75 MB ( <1%) committed 
             Both:        1.04 GB reserved,      32.50 MB (  3%) committed 

Chunk freelists:
   Non-Class:  42.00 KB
       Class:  7.00 KB
        Both:  49.00 KB

MaxMetaspaceSize: 17179869184.00 GB
CompressedClassSpaceSize: 1.00 GB

CodeHeap 'non-profiled nmethods': size=120000Kb used=1943Kb max_used=1943Kb free=118056Kb
 bounds [0x0000018de6660000, 0x0000018de68d0000, 0x0000018dedb90000]
CodeHeap 'profiled nmethods': size=120000Kb used=8010Kb max_used=8010Kb free=111989Kb
 bounds [0x0000018ddf130000, 0x0000018ddf910000, 0x0000018de6660000]
CodeHeap 'non-nmethods': size=5760Kb used=2308Kb max_used=2330Kb free=3451Kb
 bounds [0x0000018ddeb90000, 0x0000018ddee00000, 0x0000018ddf130000]
 total_blobs=5507 nmethods=3610 adapters=685
 compilation: enabled
              stopped_count=0, restarted_count=0
 full_count=0

Compilation events (20 events):
Event: 14.156 Thread 0x0000018df422c800 nmethod 3638 0x0000018ddf8fcd10 code [0x0000018ddf8fcec0, 0x0000018ddf8fd0a8]
Event: 14.156 Thread 0x0000018df422c800 3640       3       java.io.ObjectStreamClass::getObjFieldValues (10 bytes)
Event: 14.156 Thread 0x0000018df422c800 nmethod 3640 0x0000018ddf8fd190 code [0x0000018ddf8fd340, 0x0000018ddf8fd488]
Event: 14.156 Thread 0x0000018df422c800 3643       3       java.io.ObjectStreamClass::getPrimFieldValues (10 bytes)
Event: 14.156 Thread 0x0000018df422c800 nmethod 3643 0x0000018ddf8fd590 code [0x0000018ddf8fd740, 0x0000018ddf8fd888]
Event: 14.156 Thread 0x0000018df422c800 3648   !   3       org.gradle.internal.serialize.ExceptionReplacingObjectOutputStream$1::transform (15 bytes)
Event: 14.158 Thread 0x0000018df422c800 nmethod 3648 0x0000018ddf8fd990 code [0x0000018ddf8fdc00, 0x0000018ddf8fe7c8]
Event: 14.158 Thread 0x0000018df422c800 3650       3       java.util.ArrayList::clear (43 bytes)
Event: 14.158 Thread 0x0000018df422c800 nmethod 3650 0x0000018ddf8fec90 code [0x0000018ddf8fee40, 0x0000018ddf8ff1f8]
Event: 14.158 Thread 0x0000018df422c800 3649       3       org.gradle.internal.serialize.ExceptionReplacingObjectOutputStream::doReplaceObject (25 bytes)
Event: 14.159 Thread 0x0000018df422c800 nmethod 3649 0x0000018de6843590 code [0x0000018de68437e0, 0x0000018de68441f8]
Event: 14.160 Thread 0x0000018df4229800 nmethod 3592 0x0000018de6844510 code [0x0000018de6844740, 0x0000018de6844bf8]
Event: 14.160 Thread 0x0000018df4229800 3646       4       java.io.ObjectOutputStream$HandleTable::lookup (56 bytes)
Event: 14.161 Thread 0x0000018df422c800 3651   !   3       java.lang.ClassLoader::loadClass (122 bytes)
Event: 14.166 Thread 0x0000018df422c800 nmethod 3651 0x0000018ddf8ff310 code [0x0000018ddf8ff6c0, 0x0000018ddf901b58]
Event: 14.167 Thread 0x0000018df4229800 nmethod 3646 0x0000018de6844f10 code [0x0000018de68450e0, 0x0000018de6845388]
Event: 14.167 Thread 0x0000018df4229800 3600       4       jdk.internal.reflect.UTF8::utf8Length (81 bytes)
Event: 14.174 Thread 0x0000018df4229800 nmethod 3600 0x0000018de6845510 code [0x0000018de68456e0, 0x0000018de68458a8]
Event: 14.174 Thread 0x0000018df4229800 3628       4       java.io.Bits::putInt (36 bytes)
Event: 14.176 Thread 0x0000018df4229800 nmethod 3628 0x0000018de6845a10 code [0x0000018de6845bc0, 0x0000018de6845cf8]

GC Heap History (18 events):
Event: 1.639 GC heap before
{Heap before GC invocations=0 (full 0):
 garbage-first heap   total 129024K, used 28672K [0x00000000a0000000, 0x0000000100000000)
  region size 1024K, 23 young (23552K), 0 survivors (0K)
 Metaspace       used 3261K, capacity 6145K, committed 6400K, reserved 1056768K
  class space    used 431K, capacity 711K, committed 768K, reserved 1048576K
}
Event: 1.668 GC heap after
{Heap after GC invocations=1 (full 0):
 garbage-first heap   total 129024K, used 9124K [0x00000000a0000000, 0x0000000100000000)
  region size 1024K, 3 young (3072K), 3 survivors (3072K)
 Metaspace       used 3261K, capacity 6145K, committed 6400K, reserved 1056768K
  class space    used 431K, capacity 711K, committed 768K, reserved 1048576K
}
Event: 2.632 GC heap before
{Heap before GC invocations=1 (full 0):
 garbage-first heap   total 129024K, used 35748K [0x00000000a0000000, 0x0000000100000000)
  region size 1024K, 29 young (29696K), 3 survivors (3072K)
 Metaspace       used 4335K, capacity 6782K, committed 7040K, reserved 1056768K
  class space    used 546K, capacity 817K, committed 896K, reserved 1048576K
}
Event: 2.638 GC heap after
{Heap after GC invocations=2 (full 0):
 garbage-first heap   total 129024K, used 10062K [0x00000000a0000000, 0x0000000100000000)
  region size 1024K, 1 young (1024K), 1 survivors (1024K)
 Metaspace       used 4335K, capacity 6782K, committed 7040K, reserved 1056768K
  class space    used 546K, capacity 817K, committed 896K, reserved 1048576K
}
Event: 5.949 GC heap before
{Heap before GC invocations=2 (full 0):
 garbage-first heap   total 129024K, used 78670K [0x00000000a0000000, 0x0000000100000000)
  region size 1024K, 67 young (68608K), 1 survivors (1024K)
 Metaspace       used 11518K, capacity 11865K, committed 12160K, reserved 1058816K
  class space    used 1677K, capacity 1793K, committed 1920K, reserved 1048576K
}
Event: 5.958 GC heap after
{Heap after GC invocations=3 (full 0):
 garbage-first heap   total 129024K, used 16828K [0x00000000a0000000, 0x0000000100000000)
  region size 1024K, 8 young (8192K), 8 survivors (8192K)
 Metaspace       used 11518K, capacity 11865K, committed 12160K, reserved 1058816K
  class space    used 1677K, capacity 1793K, committed 1920K, reserved 1048576K
}
Event: 8.573 GC heap before
{Heap before GC invocations=3 (full 0):
 garbage-first heap   total 129024K, used 80316K [0x00000000a0000000, 0x0000000100000000)
  region size 1024K, 71 young (72704K), 8 survivors (8192K)
 Metaspace       used 18623K, capacity 19254K, committed 19456K, reserved 1064960K
  class space    used 2748K, capacity 2990K, committed 3072K, reserved 1048576K
}
Event: 8.589 GC heap after
{Heap after GC invocations=4 (full 0):
 garbage-first heap   total 129024K, used 19090K [0x00000000a0000000, 0x0000000100000000)
  region size 1024K, 3 young (3072K), 3 survivors (3072K)
 Metaspace       used 18623K, capacity 19254K, committed 19456K, reserved 1064960K
  class space    used 2748K, capacity 2990K, committed 3072K, reserved 1048576K
}
Event: 9.610 GC heap before
{Heap before GC invocations=4 (full 0):
 garbage-first heap   total 129024K, used 46738K [0x00000000a0000000, 0x0000000100000000)
  region size 1024K, 31 young (31744K), 3 survivors (3072K)
 Metaspace       used 20611K, capacity 21199K, committed 21248K, reserved 1067008K
  class space    used 3055K, capacity 3279K, committed 3328K, reserved 1048576K
}
Event: 9.616 GC heap after
{Heap after GC invocations=5 (full 0):
 garbage-first heap   total 129024K, used 19718K [0x00000000a0000000, 0x0000000100000000)
  region size 1024K, 4 young (4096K), 4 survivors (4096K)
 Metaspace       used 20611K, capacity 21199K, committed 21248K, reserved 1067008K
  class space    used 3055K, capacity 3279K, committed 3328K, reserved 1048576K
}
Event: 12.027 GC heap before
{Heap before GC invocations=6 (full 0):
 garbage-first heap   total 78848K, used 61702K [0x00000000a0000000, 0x0000000100000000)
  region size 1024K, 46 young (47104K), 4 survivors (4096K)
 Metaspace       used 28091K, capacity 28784K, committed 28928K, reserved 1073152K
  class space    used 3982K, capacity 4253K, committed 4352K, reserved 1048576K
}
Event: 12.037 GC heap after
{Heap after GC invocations=7 (full 0):
 garbage-first heap   total 78848K, used 23319K [0x00000000a0000000, 0x0000000100000000)
  region size 1024K, 6 young (6144K), 6 survivors (6144K)
 Metaspace       used 28091K, capacity 28784K, committed 28928K, reserved 1073152K
  class space    used 3982K, capacity 4253K, committed 4352K, reserved 1048576K
}
Event: 13.176 GC heap before
{Heap before GC invocations=7 (full 0):
 garbage-first heap   total 78848K, used 62231K [0x00000000a0000000, 0x0000000100000000)
  region size 1024K, 41 young (41984K), 6 survivors (6144K)
 Metaspace       used 30537K, capacity 31335K, committed 31488K, reserved 1077248K
  class space    used 4226K, capacity 4521K, committed 4608K, reserved 1048576K
}
Event: 13.186 GC heap after
{Heap after GC invocations=8 (full 0):
 garbage-first heap   total 78848K, used 26896K [0x00000000a0000000, 0x0000000100000000)
  region size 1024K, 4 young (4096K), 4 survivors (4096K)
 Metaspace       used 30537K, capacity 31335K, committed 31488K, reserved 1077248K
  class space    used 4226K, capacity 4521K, committed 4608K, reserved 1048576K
}
Event: 14.020 GC heap before
{Heap before GC invocations=8 (full 0):
 garbage-first heap   total 78848K, used 48400K [0x00000000a0000000, 0x0000000100000000)
  region size 1024K, 26 young (26624K), 4 survivors (4096K)
 Metaspace       used 32034K, capacity 32968K, committed 33024K, reserved 1083392K
  class space    used 4448K, capacity 4808K, committed 4864K, reserved 1048576K
}
Event: 14.027 GC heap after
{Heap after GC invocations=9 (full 0):
 garbage-first heap   total 78848K, used 28373K [0x00000000a0000000, 0x0000000100000000)
  region size 1024K, 2 young (2048K), 2 survivors (2048K)
 Metaspace       used 32034K, capacity 32968K, committed 33024K, reserved 1083392K
  class space    used 4448K, capacity 4808K, committed 4864K, reserved 1048576K
}
Event: 14.184 GC heap before
{Heap before GC invocations=10 (full 0):
 garbage-first heap   total 78848K, used 30421K [0x00000000a0000000, 0x0000000100000000)
  region size 1024K, 5 young (5120K), 2 survivors (2048K)
 Metaspace       used 32305K, capacity 33199K, committed 33280K, reserved 1091584K
  class space    used 4481K, capacity 4825K, committed 4864K, reserved 1048576K
}
Event: 14.187 GC heap after
{Heap after GC invocations=11 (full 0):
 garbage-first heap   total 78848K, used 28280K [0x00000000a0000000, 0x0000000100000000)
  region size 1024K, 2 young (2048K), 2 survivors (2048K)
 Metaspace       used 32305K, capacity 33199K, committed 33280K, reserved 1091584K
  class space    used 4481K, capacity 4825K, committed 4864K, reserved 1048576K
}

Deoptimization events (20 events):
Event: 13.843 Thread 0x0000018df4ef4000 Uncommon trap: trap_request=0xffffffc6 fr.pc=0x0000018de6807358 relative=0x0000000000000a78
Event: 13.843 Thread 0x0000018df4ef4000 Uncommon trap: reason=bimorphic_or_optimized_type_check action=maybe_recompile pc=0x0000018de6807358 method=java.io.BufferedInputStream.read([BII)I @ 101 c2
Event: 13.843 Thread 0x0000018df4ef4000 DEOPT PACKING pc=0x0000018de6807358 sp=0x000000153b7fe380
Event: 13.843 Thread 0x0000018df4ef4000 DEOPT UNPACKING pc=0x0000018ddebd912f sp=0x000000153b7fe338 mode 2
Event: 14.068 Thread 0x0000018df60ba800 Uncommon trap: trap_request=0xffffffde fr.pc=0x0000018de668a8e0 relative=0x00000000000001c0
Event: 14.068 Thread 0x0000018df60ba800 Uncommon trap: reason=class_check action=maybe_recompile pc=0x0000018de668a8e0 method=java.lang.String.equals(Ljava/lang/Object;)Z @ 8 c2
Event: 14.068 Thread 0x0000018df60ba800 DEOPT PACKING pc=0x0000018de668a8e0 sp=0x000000153acfc900
Event: 14.068 Thread 0x0000018df60ba800 DEOPT UNPACKING pc=0x0000018ddebd912f sp=0x000000153acfc8a8 mode 2
Event: 14.068 Thread 0x0000018df60ba800 Uncommon trap: trap_request=0xffffffde fr.pc=0x0000018de668a8e0 relative=0x00000000000001c0
Event: 14.068 Thread 0x0000018df60ba800 Uncommon trap: reason=class_check action=maybe_recompile pc=0x0000018de668a8e0 method=java.lang.String.equals(Ljava/lang/Object;)Z @ 8 c2
Event: 14.068 Thread 0x0000018df60ba800 DEOPT PACKING pc=0x0000018de668a8e0 sp=0x000000153acfc900
Event: 14.068 Thread 0x0000018df60ba800 DEOPT UNPACKING pc=0x0000018ddebd912f sp=0x000000153acfc8a8 mode 2
Event: 14.068 Thread 0x0000018df60ba800 Uncommon trap: trap_request=0xffffffde fr.pc=0x0000018de668a8e0 relative=0x00000000000001c0
Event: 14.068 Thread 0x0000018df60ba800 Uncommon trap: reason=class_check action=maybe_recompile pc=0x0000018de668a8e0 method=java.lang.String.equals(Ljava/lang/Object;)Z @ 8 c2
Event: 14.068 Thread 0x0000018df60ba800 DEOPT PACKING pc=0x0000018de668a8e0 sp=0x000000153acfc900
Event: 14.069 Thread 0x0000018df60ba800 DEOPT UNPACKING pc=0x0000018ddebd912f sp=0x000000153acfc8a8 mode 2
Event: 14.069 Thread 0x0000018df60ba800 Uncommon trap: trap_request=0xffffffde fr.pc=0x0000018de668a8e0 relative=0x00000000000001c0
Event: 14.069 Thread 0x0000018df60ba800 Uncommon trap: reason=class_check action=maybe_recompile pc=0x0000018de668a8e0 method=java.lang.String.equals(Ljava/lang/Object;)Z @ 8 c2
Event: 14.069 Thread 0x0000018df60ba800 DEOPT PACKING pc=0x0000018de668a8e0 sp=0x000000153acfc900
Event: 14.069 Thread 0x0000018df60ba800 DEOPT UNPACKING pc=0x0000018ddebd912f sp=0x000000153acfc8a8 mode 2

Classes unloaded (0 events):
No events

Classes redefined (0 events):
No events

Internal exceptions (20 events):
Event: 13.330 Thread 0x0000018df60ba800 Exception <a 'java/lang/ClassNotFoundException'{0x00000000a617cca0}: java/util/PropertiesCustomizer> (0x00000000a617cca0) 
thrown [./open/src/hotspot/share/classfile/systemDictionary.cpp, line 226]
Event: 13.347 Thread 0x0000018df60ba800 Exception <a 'java/lang/ClassNotFoundException'{0x00000000a61f6268}: groovy/lang/ReferenceBeanInfo> (0x00000000a61f6268) 
thrown [./open/src/hotspot/share/classfile/systemDictionary.cpp, line 226]
Event: 13.350 Thread 0x0000018df60ba800 Exception <a 'java/lang/ClassNotFoundException'{0x00000000a602c528}: groovy/lang/ReferenceCustomizer> (0x00000000a602c528) 
thrown [./open/src/hotspot/share/classfile/systemDictionary.cpp, line 226]
Event: 13.515 Thread 0x0000018df60ba800 Exception <a 'java/lang/ClassNotFoundException'{0x00000000a5fe5ed0}: groovy/lang/Closure$1BeanInfo> (0x00000000a5fe5ed0) 
thrown [./open/src/hotspot/share/classfile/systemDictionary.cpp, line 226]
Event: 13.519 Thread 0x0000018df60ba800 Exception <a 'java/lang/ClassNotFoundException'{0x00000000a5e216b0}: groovy/lang/ClosureBeanInfo> (0x00000000a5e216b0) 
thrown [./open/src/hotspot/share/classfile/systemDictionary.cpp, line 226]
Event: 13.524 Thread 0x0000018df60ba800 Exception <a 'java/lang/ClassNotFoundException'{0x00000000a5e56d18}: groovy/lang/ClosureCustomizer> (0x00000000a5e56d18) 
thrown [./open/src/hotspot/share/classfile/systemDictionary.cpp, line 226]
Event: 13.545 Thread 0x0000018df60ba800 Exception <a 'java/lang/ClassNotFoundException'{0x00000000a5eaf348}: groovy/lang/Closure$1Customizer> (0x00000000a5eaf348) 
thrown [./open/src/hotspot/share/classfile/systemDictionary.cpp, line 226]
Event: 13.622 Thread 0x0000018df60ba800 Exception <a 'java/lang/ClassNotFoundException'{0x00000000a45353d8}: groovy/lang/GString$1BeanInfo> (0x00000000a45353d8) 
thrown [./open/src/hotspot/share/classfile/systemDictionary.cpp, line 226]
Event: 13.624 Thread 0x0000018df60ba800 Exception <a 'java/lang/ClassNotFoundException'{0x00000000a456a780}: groovy/lang/GStringBeanInfo> (0x00000000a456a780) 
thrown [./open/src/hotspot/share/classfile/systemDictionary.cpp, line 226]
Event: 13.626 Thread 0x0000018df60ba800 Exception <a 'java/lang/ClassNotFoundException'{0x00000000a45a0038}: groovy/lang/GStringCustomizer> (0x00000000a45a0038) 
thrown [./open/src/hotspot/share/classfile/systemDictionary.cpp, line 226]
Event: 13.634 Thread 0x0000018df60ba800 Exception <a 'java/lang/ClassNotFoundException'{0x00000000a45dfb58}: groovy/lang/GString$1Customizer> (0x00000000a45dfb58) 
thrown [./open/src/hotspot/share/classfile/systemDictionary.cpp, line 226]
Event: 13.666 Thread 0x0000018df60ba800 Exception <a 'java/lang/ClassNotFoundException'{0x00000000a4185ca8}: org/codehaus/groovy/runtime/GStringImplBeanInfo> (0x00000000a4185ca8) 
thrown [./open/src/hotspot/share/classfile/systemDictionary.cpp, line 226]
Event: 13.688 Thread 0x0000018df60ba800 Exception <a 'java/lang/ClassNotFoundException'{0x00000000a3e27310}: org/codehaus/groovy/runtime/GStringImplCustomizer> (0x00000000a3e27310) 
thrown [./open/src/hotspot/share/classfile/systemDictionary.cpp, line 226]
Event: 13.712 Thread 0x0000018df60ba800 Exception <a 'java/lang/ClassNotFoundException'{0x00000000a3ea0618}: org/gradle/api/internal/plugins/DefaultObjectConfigurationActionBeanInfo> (0x00000000a3ea0618) 
thrown [./open/src/hotspot/share/classfile/systemDictionary.cpp, line 226]
Event: 13.715 Thread 0x0000018df60ba800 Exception <a 'java/lang/ClassNotFoundException'{0x00000000a3ecf188}: org/gradle/api/internal/plugins/DefaultObjectConfigurationActionCustomizer> (0x00000000a3ecf188) 
thrown [./open/src/hotspot/share/classfile/systemDictionary.cpp, line 226]
Event: 13.850 Thread 0x0000018df60ba800 Exception <a 'java/lang/OutOfMemoryError'{0x00000000a3aa7168}: unable to create native thread: possibly out of memory or process/resource limits reached> (0x00000000a3aa7168) 
thrown [./open/src/hotspot/share/prims/jvm.cpp, line 2882]
Event: 13.939 Thread 0x0000018df60ba800 Exception <a 'java/lang/NoSuchMethodError'{0x00000000a39fd2c8}: 'java.lang.Object java.lang.invoke.Invokers$Holder.linkToTargetMethod(java.lang.Object, java.lang.Object, java.lang.Object, int, java.lang.Object, java.lang.Object)'> (0x00000000a39fd2c8) 
thrown [./open/src/hotspot/share/interpreter/linkResolver.cpp, line 766]
Event: 13.944 Thread 0x0000018df60ba800 Exception <a 'java/lang/NoSuchMethodError'{0x00000000a38360f8}: 'java.lang.Object java.lang.invoke.DirectMethodHandle$Holder.invokeStatic(java.lang.Object, java.lang.Object, java.lang.Object, java.lang.Object, int)'> (0x00000000a38360f8) 
thrown [./open/src/hotspot/share/interpreter/linkResolver.cpp, line 766]
Event: 13.946 Thread 0x0000018df60ba800 Exception <a 'java/lang/NoSuchMethodError'{0x00000000a3839a68}: 'java.lang.Object java.lang.invoke.DirectMethodHandle$Holder.invokeSpecial(java.lang.Object, java.lang.Object, java.lang.Object, java.lang.Object, java.lang.Object, int)'> (0x00000000a3839a68) 
thrown [./open/src/hotspot/share/interpreter/linkResolver.cpp, line 766]
Event: 13.946 Thread 0x0000018df60ba800 Exception <a 'java/lang/NoSuchMethodError'{0x00000000a383d1a0}: 'java.lang.Object java.lang.invoke.Invokers$Holder.linkToTargetMethod(java.lang.Object, java.lang.Object, java.lang.Object, int, java.lang.Object)'> (0x00000000a383d1a0) 
thrown [./open/src/hotspot/share/interpreter/linkResolver.cpp, line 766]

Events (20 events):
Event: 14.088 Executing VM operation: HandshakeOneThread done
Event: 14.108 loading class java/util/Collections$EmptyListIterator
Event: 14.110 Executing VM operation: G1Concurrent
Event: 14.110 loading class java/util/Collections$EmptyListIterator done
Event: 14.110 Executing VM operation: G1Concurrent done
Event: 14.152 Executing VM operation: HandshakeOneThread
Event: 14.152 Executing VM operation: HandshakeOneThread done
Event: 14.152 Thread 0x0000018df4ef2800 Thread exited: 0x0000018df4ef2800
Event: 14.153 Executing VM operation: HandshakeOneThread
Event: 14.153 Executing VM operation: HandshakeOneThread done
Event: 14.153 Thread 0x0000018df4ef8000 Thread exited: 0x0000018df4ef8000
Event: 14.178 Thread 0x0000018df6654000 Thread exited: 0x0000018df6654000
Event: 14.179 Executing VM operation: HandshakeOneThread
Event: 14.179 Executing VM operation: HandshakeOneThread done
Event: 14.179 Thread 0x0000018df6653000 Thread exited: 0x0000018df6653000
Event: 14.180 loading class java/util/concurrent/LinkedBlockingDeque$Itr
Event: 14.180 loading class java/util/concurrent/LinkedBlockingDeque$AbstractItr
Event: 14.181 loading class java/util/concurrent/LinkedBlockingDeque$AbstractItr done
Event: 14.181 loading class java/util/concurrent/LinkedBlockingDeque$Itr done
Event: 14.183 Executing VM operation: CollectForMetadataAllocation


Dynamic libraries:
0x00007ff6936f0000 - 0x00007ff6936ff000 	D:\a_dev\JDK\bin\java.exe
0x00007ff968040000 - 0x00007ff968249000 	C:\WINDOWS\SYSTEM32\ntdll.dll
0x00007ff966270000 - 0x00007ff96632d000 	C:\WINDOWS\System32\KERNEL32.DLL
0x00007ff965ad0000 - 0x00007ff965e49000 	C:\WINDOWS\System32\KERNELBASE.dll
0x00007ff9625b0000 - 0x00007ff962641000 	C:\WINDOWS\SYSTEM32\apphelp.dll
0x00007ff965940000 - 0x00007ff965a51000 	C:\WINDOWS\System32\ucrtbase.dll
0x00007ff951160000 - 0x00007ff951175000 	D:\a_dev\JDK\bin\VCRUNTIME140.dll
0x00007ff95bf20000 - 0x00007ff95bf38000 	D:\a_dev\JDK\bin\jli.dll
0x00007ff9674f0000 - 0x00007ff96759e000 	C:\WINDOWS\System32\ADVAPI32.dll
0x00007ff966390000 - 0x00007ff966433000 	C:\WINDOWS\System32\msvcrt.dll
0x00007ff9675a0000 - 0x00007ff96763e000 	C:\WINDOWS\System32\sechost.dll
0x00007ff967b30000 - 0x00007ff967c50000 	C:\WINDOWS\System32\RPCRT4.dll
0x00007ff967e40000 - 0x00007ff967fec000 	C:\WINDOWS\System32\USER32.dll
0x00007ff9657b0000 - 0x00007ff9657d6000 	C:\WINDOWS\System32\win32u.dll
0x00007ff9666c0000 - 0x00007ff9666e9000 	C:\WINDOWS\System32\GDI32.dll
0x00007ff965690000 - 0x00007ff9657a2000 	C:\WINDOWS\System32\gdi32full.dll
0x00007ff947330000 - 0x00007ff9475d5000 	C:\WINDOWS\WinSxS\amd64_microsoft.windows.common-controls_6595b64144ccf1df_6.0.22000.120_none_9d947278b86cc467\COMCTL32.dll
0x00007ff9657e0000 - 0x00007ff96587d000 	C:\WINDOWS\System32\msvcp_win.dll
0x00007ff95cc10000 - 0x00007ff95cc1a000 	C:\WINDOWS\SYSTEM32\VERSION.dll
0x00007ff967c70000 - 0x00007ff967ca1000 	C:\WINDOWS\System32\IMM32.DLL
0x00007ff939bb0000 - 0x00007ff939c4b000 	D:\a_dev\JDK\bin\msvcp140.dll
0x00007ff8e7bb0000 - 0x00007ff8e86ce000 	D:\a_dev\JDK\bin\server\jvm.dll
0x00007ff9666b0000 - 0x00007ff9666b8000 	C:\WINDOWS\System32\PSAPI.DLL
0x00007ff95bcd0000 - 0x00007ff95bcd9000 	C:\WINDOWS\SYSTEM32\WSOCK32.dll
0x00007ff95cf30000 - 0x00007ff95cf63000 	C:\WINDOWS\SYSTEM32\WINMM.dll
0x00007ff966640000 - 0x00007ff9666af000 	C:\WINDOWS\System32\WS2_32.dll
0x00007ff9646d0000 - 0x00007ff9646e8000 	C:\WINDOWS\SYSTEM32\kernel.appcore.dll
0x00007ff95e7c0000 - 0x00007ff95e7ca000 	D:\a_dev\JDK\bin\jimage.dll
0x00007ff962cd0000 - 0x00007ff962ef1000 	C:\WINDOWS\SYSTEM32\DBGHELP.DLL
0x00007ff94d4e0000 - 0x00007ff94d511000 	C:\WINDOWS\SYSTEM32\dbgcore.DLL
0x00007ff965e50000 - 0x00007ff965ecf000 	C:\WINDOWS\System32\bcryptPrimitives.dll
0x00007ff950050000 - 0x00007ff950075000 	D:\a_dev\JDK\bin\java.dll
0x00007ff950030000 - 0x00007ff950046000 	D:\a_dev\JDK\bin\zip.dll
0x00007ff9666f0000 - 0x00007ff966ea8000 	C:\WINDOWS\System32\SHELL32.dll
0x00007ff963630000 - 0x00007ff963e97000 	C:\WINDOWS\SYSTEM32\windows.storage.dll
0x00007ff967170000 - 0x00007ff9674e9000 	C:\WINDOWS\System32\combase.dll
0x00007ff9634c0000 - 0x00007ff963626000 	C:\WINDOWS\SYSTEM32\wintypes.dll
0x00007ff9660a0000 - 0x00007ff96618a000 	C:\WINDOWS\System32\SHCORE.dll
0x00007ff966330000 - 0x00007ff96638d000 	C:\WINDOWS\System32\shlwapi.dll
0x00007ff965450000 - 0x00007ff965471000 	C:\WINDOWS\SYSTEM32\profapi.dll
0x00007ff94c8a0000 - 0x00007ff94c8b9000 	D:\a_dev\JDK\bin\net.dll
0x00007ff95d1d0000 - 0x00007ff95d2dc000 	C:\WINDOWS\SYSTEM32\WINHTTP.dll
0x00007ff964b10000 - 0x00007ff964b77000 	C:\WINDOWS\system32\mswsock.dll
0x00007ff930360000 - 0x00007ff930372000 	D:\a_dev\JDK\bin\nio.dll
0x00007ff930240000 - 0x00007ff930250000 	D:\a_dev\JDK\bin\verify.dll
0x00007ff94f9c0000 - 0x00007ff94f9e7000 	D:\a_dev\.gradle\native\e1d6ef7f7dcc3fd88c89a11ec53ec762bb8ba0a96d01ffa2cd45eb1d1d8dd5c5\windows-amd64\native-platform.dll
0x00007ff92aab0000 - 0x00007ff92abf4000 	D:\a_dev\.gradle\native\0d407fdbe67a94daf76414ababcb853783967236a71b16ec16e742cd7a986fd3\windows-amd64\native-platform-file-events.dll
0x00007ff92d410000 - 0x00007ff92d419000 	D:\a_dev\JDK\bin\management.dll
0x00007ff92d3f0000 - 0x00007ff92d3fb000 	D:\a_dev\JDK\bin\management_ext.dll
0x00007ff964d80000 - 0x00007ff964d98000 	C:\WINDOWS\SYSTEM32\CRYPTSP.dll
0x00007ff964630000 - 0x00007ff964665000 	C:\WINDOWS\system32\rsaenh.dll
0x00007ff964c30000 - 0x00007ff964c59000 	C:\WINDOWS\SYSTEM32\USERENV.dll
0x00007ff964f00000 - 0x00007ff964f27000 	C:\WINDOWS\SYSTEM32\bcrypt.dll
0x00007ff964da0000 - 0x00007ff964dac000 	C:\WINDOWS\SYSTEM32\CRYPTBASE.dll
0x00007ff9641d0000 - 0x00007ff9641fd000 	C:\WINDOWS\SYSTEM32\IPHLPAPI.DLL
0x00007ff966f30000 - 0x00007ff966f39000 	C:\WINDOWS\System32\NSI.dll
0x00007ff95cef0000 - 0x00007ff95cf09000 	C:\WINDOWS\SYSTEM32\dhcpcsvc6.DLL
0x00007ff95d780000 - 0x00007ff95d79e000 	C:\WINDOWS\SYSTEM32\dhcpcsvc.DLL
0x00007ff964200000 - 0x00007ff9642e8000 	C:\WINDOWS\SYSTEM32\DNSAPI.dll

dbghelp: loaded successfully - version: 4.0.5 - missing functions: none
symbol engine: initialized successfully - sym options: 0x614 - pdb path: .;D:\a_dev\JDK\bin;C:\WINDOWS\SYSTEM32;C:\WINDOWS\WinSxS\amd64_microsoft.windows.common-controls_6595b64144ccf1df_6.0.22000.120_none_9d947278b86cc467;D:\a_dev\JDK\bin\server;D:\a_dev\.gradle\native\e1d6ef7f7dcc3fd88c89a11ec53ec762bb8ba0a96d01ffa2cd45eb1d1d8dd5c5\windows-amd64;D:\a_dev\.gradle\native\0d407fdbe67a94daf76414ababcb853783967236a71b16ec16e742cd7a986fd3\windows-amd64

VM Arguments:
jvm_args: --add-opens=java.base/java.util=ALL-UNNAMED --add-opens=java.base/java.lang=ALL-UNNAMED --add-opens=java.base/java.lang.invoke=ALL-UNNAMED --add-opens=java.base/java.util=ALL-UNNAMED --add-opens=java.prefs/java.util.prefs=ALL-UNNAMED --add-opens=java.prefs/java.util.prefs=ALL-UNNAMED --add-opens=java.base/java.nio.charset=ALL-UNNAMED --add-opens=java.base/java.net=ALL-UNNAMED --add-opens=java.base/java.util.concurrent.atomic=ALL-UNNAMED -Xmx1536M -Dfile.encoding=windows-1252 -Duser.country=IN -Duser.language=en -Duser.variant 
java_command: org.gradle.launcher.daemon.bootstrap.GradleDaemon 7.4
java_class_path (initial): D:\a_dev\.gradle\wrapper\dists\gradle-7.4-all\aadb4xli5jkdsnukm30eibyiu\gradle-7.4\lib\gradle-launcher-7.4.jar
Launcher Type: SUN_STANDARD

[Global flags]
     intx CICompilerCount                          = 4                                         {product} {ergonomic}
     uint ConcGCThreads                            = 2                                         {product} {ergonomic}
     uint G1ConcRefinementThreads                  = 8                                         {product} {ergonomic}
   size_t G1HeapRegionSize                         = 1048576                                   {product} {ergonomic}
    uintx GCDrainStackTargetSize                   = 64                                        {product} {ergonomic}
   size_t InitialHeapSize                          = 132120576                                 {product} {ergonomic}
   size_t MarkStackSize                            = 4194304                                   {product} {ergonomic}
   size_t MaxHeapSize                              = 1610612736                                {product} {command line}
   size_t MaxNewSize                               = 965738496                                 {product} {ergonomic}
   size_t MinHeapDeltaBytes                        = 1048576                                   {product} {ergonomic}
   size_t MinHeapSize                              = 8388608                                   {product} {ergonomic}
    uintx NonNMethodCodeHeapSize                   = 5839372                                {pd product} {ergonomic}
    uintx NonProfiledCodeHeapSize                  = 122909434                              {pd product} {ergonomic}
    uintx ProfiledCodeHeapSize                     = 122909434                              {pd product} {ergonomic}
    uintx ReservedCodeCacheSize                    = 251658240                              {pd product} {ergonomic}
     bool SegmentedCodeCache                       = true                                      {product} {ergonomic}
   size_t SoftMaxHeapSize                          = 1610612736                             {manageable} {ergonomic}
     bool UseCompressedClassPointers               = true                                 {lp64_product} {ergonomic}
     bool UseCompressedOops                        = true                                 {lp64_product} {ergonomic}
     bool UseG1GC                                  = true                                      {product} {ergonomic}
     bool UseLargePagesIndividualAllocation        = false                                  {pd product} {ergonomic}

Logging:
Log output configuration:
 #0: stdout all=warning uptime,level,tags
 #1: stderr all=off uptime,level,tags

Environment Variables:
CLASSPATH=D:\systemBackupFolder\Desktop\flutter save encrypt\encrypt\android\\gradle\wrapper\gradle-wrapper.jar
PATH=C:\WINDOWS\system32;C:\WINDOWS;C:\WINDOWS\System32\Wbem;C:\WINDOWS\System32\WindowsPowerShell\v1.0\;C:\WINDOWS\System32\OpenSSH\;C:\Program Files (x86)\NVIDIA Corporation\PhysX\Common;D:\a_dev\NodeJs\;C:\xampp\php;C:\composer;D:\a_dev\xampp\php;D:\a_dev\Git\cmd;C:\Users\Ashish Pal\AppData\Local\Programs\Python\Python310\Scripts\;C:\Users\Ashish Pal\AppData\Local\Programs\Python\Python310\;C:\Users\Ashish Pal\AppData\Local\Microsoft\WindowsApps;C:\Users\Ashish Pal\AppData\Local\Programs\Microsoft VS Code\bin;D:\a_dev\flutter\bin;D:\a_dev\JDK\bin;D:\a_dev\AndroidStudio\bin;C:\Users\Ashish Pal\AppData\Roaming\npm;D:\a_dev\AndroidSDK\platform-tools;C:\Program Files\MongoDB\Server\5.0\bin;C:\Users\Ashish Pal\AppData\Local\Pub\Cache\bin;C:\Users\Ashish Pal\AppData\Local\GitHubDesktop\bin;C:\Users\Ashish Pal\AppData\Roaming\Composer\vendor\bin
USERNAME=Ashish
OS=Windows_NT
PROCESSOR_IDENTIFIER=Intel64 Family 6 Model 142 Stepping 11, GenuineIntel



---------------  S Y S T E M  ---------------

OS: Windows 10 , 64 bit Build 22000 (10.0.22000.708)
OS uptime: 0 days 0:13 hours
HyperV virtualization detected

CPU:total 8 (initial active 8) (4 cores per cpu, 2 threads per core) family 6 model 142 stepping 11, cmov, cx8, fxsr, mmx, sse, sse2, sse3, ssse3, sse4.1, sse4.2, popcnt, avx, avx2, aes, clmul, erms, 3dnowpref, lzcnt, ht, tsc, tscinvbit, bmi1, bmi2, adx, fma

Memory: 4k page, system-wide physical 8042M (272M free)
TotalPageFile size 15620M (AvailPageFile size 207M)
current process WorkingSet (physical memory assigned to process): 212M, peak: 212M
current process commit charge ("private bytes"): 253M, peak: 294M

vm_info: Java HotSpot(TM) 64-Bit Server VM (14.0.1+7) for windows-amd64 JRE (14.0.1+7), built on Mar  5 2020 10:30:14 by "mach5one" with MS VC++ 15.9 (VS2017)

END.
