#
# There is insufficient memory for the Java Runtime Environment to continue.
# Native memory allocation (mmap) failed to map 132120576 bytes for Failed to commit area from 0x0000000082400000 to 0x000000008a200000 of length 132120576.
# Possible reasons:
#   The system is out of physical RAM or swap space
#   The process is running with CompressedOops enabled, and the Java Heap may be blocking the growth of the native heap
# Possible solutions:
#   Reduce memory load on the system
#   Increase physical memory or swap space
#   Check if swap backing store is full
#   Decrease Java heap size (-Xmx/-Xms)
#   Decrease number of Java threads
#   Decrease Java thread stack sizes (-Xss)
#   Set larger code cache with -XX:ReservedCodeCacheSize=
#   JVM is running with Unscaled Compressed Oops mode in which the Java heap is
#     placed in the first 4GB address space. The Java Heap base address is the
#     maximum limit for the native heap growth. Please use -XX:HeapBaseMinAddress
#     to set the Java Heap base and to place the Java Heap above 4GB virtual address.
# This output file may be truncated or incomplete.
#
#  Out of Memory Error (./open/src/hotspot/os/windows/os_windows.cpp:3315), pid=3024, tid=4876
#
# JRE version:  (14.0.1+7) (build )
# Java VM: Java HotSpot(TM) 64-Bit Server VM (14.0.1+7, mixed mode, sharing, tiered, compressed oops, g1 gc, windows-amd64)
# No core dump will be written. Minidumps are not enabled by default on client versions of Windows
#

---------------  S U M M A R Y ------------

Command Line: 

Host: Intel(R) Core(TM) i5-8265U CPU @ 1.60GHz, 8 cores, 7G,  Windows 10 , 64 bit Build 22000 (10.0.22000.708)
Time: Thu Jul 21 15:25:02 2022 India Standard Time elapsed time: 0 seconds (0d 0h 0m 0s)

---------------  T H R E A D  ---------------

Current thread (0x00000231a70ac000):  JavaThread "Unknown thread" [_thread_in_vm, id=4876, stack(0x000000653c800000,0x000000653c900000)]

Stack: [0x000000653c800000,0x000000653c900000]
Native frames: (J=compiled Java code, j=interpreted, Vv=VM code, C=native code)
V  [jvm.dll+0x5f840a]
V  [jvm.dll+0x741e4a]
V  [jvm.dll+0x7435ff]
V  [jvm.dll+0x743c43]
V  [jvm.dll+0x20d288]
V  [jvm.dll+0x5f57ba]
V  [jvm.dll+0x5ea615]
V  [jvm.dll+0x2c7e9c]
V  [jvm.dll+0x2c7cd2]
V  [jvm.dll+0x2cdbbc]
V  [jvm.dll+0x313ff8]
V  [jvm.dll+0x313720]
V  [jvm.dll+0x2a092a]
V  [jvm.dll+0x2a1a79]
V  [jvm.dll+0x71f718]
V  [jvm.dll+0x321c44]
V  [jvm.dll+0x700b0c]
V  [jvm.dll+0x392dff]
V  [jvm.dll+0x394e71]
C  [jli.dll+0x523b]
C  [ucrtbase.dll+0x26c0c]
C  [KERNEL32.DLL+0x154e0]
C  [ntdll.dll+0x485b]


---------------  P R O C E S S  ---------------

Threads class SMR info:
_java_thread_list=0x00007ffcb0083078, length=0, elements={
}

Java Threads: ( => current thread )

Other Threads:
  0x00000231a70ef800 GCTaskThread "GC Thread#0" [stack: 0x000000653c900000,0x000000653ca00000] [id=2560]
  0x00000231a7101000 ConcurrentGCThread "G1 Main Marker" [stack: 0x000000653ca00000,0x000000653cb00000] [id=12872]
  0x00000231a7102800 ConcurrentGCThread "G1 Conc#0" [stack: 0x000000653cb00000,0x000000653cc00000] [id=15512]

[error occurred during error reporting (printing all threads), id 0xc0000005, EXCEPTION_ACCESS_VIOLATION (0xc0000005) at pc=0x00007ffcaf8b1257]

VM state:not at safepoint (not fully initialized)

VM Mutex/Monitor currently owned by a thread:  ([mutex/lock_event])
[0x00000231a70a72f0] Heap_lock - owner thread: 0x00000231a70ac000

Heap address: 0x0000000082400000, size: 2012 MB, Compressed Oops mode: 32-bit
Narrow klass base: 0x0000000000000000, Narrow klass shift: 0

GC Heap History (0 events):
No events

Deoptimization events (0 events):
No events

Classes unloaded (0 events):
No events

Classes redefined (0 events):
No events

Internal exceptions (0 events):
No events

Events (2 events):
Event: 0.015 Loaded shared library D:\a_dev\JDK\bin\java.dll
Event: 0.016 Loaded shared library D:\a_dev\JDK\bin\zip.dll


Dynamic libraries:
0x00007ff77d260000 - 0x00007ff77d26f000 	D:\a_dev\JDK\bin\java.exe
0x00007ffd32560000 - 0x00007ffd32769000 	C:\WINDOWS\SYSTEM32\ntdll.dll
0x00007ffd306f0000 - 0x00007ffd307ad000 	C:\WINDOWS\System32\KERNEL32.DLL
0x00007ffd2fe20000 - 0x00007ffd30199000 	C:\WINDOWS\System32\KERNELBASE.dll
0x00007ffd2fd00000 - 0x00007ffd2fe11000 	C:\WINDOWS\System32\ucrtbase.dll
0x00007ffcc22d0000 - 0x00007ffcc22e8000 	D:\a_dev\JDK\bin\jli.dll
0x00007ffd32470000 - 0x00007ffd3251e000 	C:\WINDOWS\System32\ADVAPI32.dll
0x00007ffcc24b0000 - 0x00007ffcc24c5000 	D:\a_dev\JDK\bin\VCRUNTIME140.dll
0x00007ffd31670000 - 0x00007ffd31713000 	C:\WINDOWS\System32\msvcrt.dll
0x00007ffd30650000 - 0x00007ffd306ee000 	C:\WINDOWS\System32\sechost.dll
0x00007ffd30950000 - 0x00007ffd30a70000 	C:\WINDOWS\System32\RPCRT4.dll
0x00007ffd31140000 - 0x00007ffd312ec000 	C:\WINDOWS\System32\USER32.dll
0x00007ffd2fac0000 - 0x00007ffd2fae6000 	C:\WINDOWS\System32\win32u.dll
0x00007ffd14110000 - 0x00007ffd143b5000 	C:\WINDOWS\WinSxS\amd64_microsoft.windows.common-controls_6595b64144ccf1df_6.0.22000.120_none_9d947278b86cc467\COMCTL32.dll
0x00007ffd31110000 - 0x00007ffd31139000 	C:\WINDOWS\System32\GDI32.dll
0x00007ffd30260000 - 0x00007ffd30372000 	C:\WINDOWS\System32\gdi32full.dll
0x00007ffd2faf0000 - 0x00007ffd2fb8d000 	C:\WINDOWS\System32\msvcp_win.dll
0x00007ffd29ac0000 - 0x00007ffd29aca000 	C:\WINDOWS\SYSTEM32\VERSION.dll
0x00007ffd30b00000 - 0x00007ffd30b31000 	C:\WINDOWS\System32\IMM32.DLL
0x00007ffcc21f0000 - 0x00007ffcc228b000 	D:\a_dev\JDK\bin\msvcp140.dll
0x00007ffcaf600000 - 0x00007ffcb011e000 	D:\a_dev\JDK\bin\server\jvm.dll
0x00007ffd30b40000 - 0x00007ffd30b48000 	C:\WINDOWS\System32\PSAPI.DLL
0x00007ffd29850000 - 0x00007ffd29859000 	C:\WINDOWS\SYSTEM32\WSOCK32.dll
0x00007ffd30b50000 - 0x00007ffd30bbf000 	C:\WINDOWS\System32\WS2_32.dll
0x00007ffd2a860000 - 0x00007ffd2a893000 	C:\WINDOWS\SYSTEM32\WINMM.dll
0x00007ffd2ec00000 - 0x00007ffd2ec18000 	C:\WINDOWS\SYSTEM32\kernel.appcore.dll
0x00007ffcff590000 - 0x00007ffcff59a000 	D:\a_dev\JDK\bin\jimage.dll
0x00007ffd28830000 - 0x00007ffd28a51000 	C:\WINDOWS\SYSTEM32\DBGHELP.DLL
0x00007ffd182b0000 - 0x00007ffd182e1000 	C:\WINDOWS\SYSTEM32\dbgcore.DLL
0x00007ffd2fa40000 - 0x00007ffd2fabf000 	C:\WINDOWS\System32\bcryptPrimitives.dll
0x00007ffcc21c0000 - 0x00007ffcc21e5000 	D:\a_dev\JDK\bin\java.dll
0x00007ffcc21a0000 - 0x00007ffcc21b6000 	D:\a_dev\JDK\bin\zip.dll

dbghelp: loaded successfully - version: 4.0.5 - missing functions: none
symbol engine: initialized successfully - sym options: 0x614 - pdb path: .;D:\a_dev\JDK\bin;C:\WINDOWS\SYSTEM32;C:\WINDOWS\WinSxS\amd64_microsoft.windows.common-controls_6595b64144ccf1df_6.0.22000.120_none_9d947278b86cc467;D:\a_dev\JDK\bin\server

VM Arguments:
java_command: <unknown>
java_class_path (initial): <not set>
Launcher Type: SUN_STANDARD

[Global flags]
     intx CICompilerCount                          = 4                                         {product} {ergonomic}
     uint ConcGCThreads                            = 2                                         {product} {ergonomic}
     uint G1ConcRefinementThreads                  = 8                                         {product} {ergonomic}
   size_t G1HeapRegionSize                         = 1048576                                   {product} {ergonomic}
    uintx GCDrainStackTargetSize                   = 64                                        {product} {ergonomic}
   size_t InitialHeapSize                          = 132120576                                 {product} {ergonomic}
   size_t MarkStackSize                            = 4194304                                   {product} {ergonomic}
   size_t MaxHeapSize                              = 2109734912                                {product} {ergonomic}
   size_t MinHeapDeltaBytes                        = 1048576                                   {product} {ergonomic}
   size_t MinHeapSize                              = 8388608                                   {product} {ergonomic}
    uintx NonNMethodCodeHeapSize                   = 5839372                                {pd product} {ergonomic}
    uintx NonProfiledCodeHeapSize                  = 122909434                              {pd product} {ergonomic}
    uintx ProfiledCodeHeapSize                     = 122909434                              {pd product} {ergonomic}
    uintx ReservedCodeCacheSize                    = 251658240                              {pd product} {ergonomic}
     bool SegmentedCodeCache                       = true                                      {product} {ergonomic}
   size_t SoftMaxHeapSize                          = 2109734912                             {manageable} {ergonomic}
     bool UseCompressedClassPointers               = true                                 {lp64_product} {ergonomic}
     bool UseCompressedOops                        = true                                 {lp64_product} {ergonomic}
     bool UseG1GC                                  = true                                      {product} {ergonomic}
     bool UseLargePagesIndividualAllocation        = false                                  {pd product} {ergonomic}

Logging:
Log output configuration:
 #0: stdout all=warning uptime,level,tags
 #1: stderr all=off uptime,level,tags

Environment Variables:
PATH=C:\WINDOWS\system32;C:\WINDOWS;C:\WINDOWS\System32\Wbem;C:\WINDOWS\System32\WindowsPowerShell\v1.0\;C:\WINDOWS\System32\OpenSSH\;C:\Program Files (x86)\NVIDIA Corporation\PhysX\Common;D:\a_dev\NodeJs\;C:\xampp\php;C:\composer;D:\a_dev\xampp\php;D:\a_dev\Git\cmd;C:\Users\Ashish Pal\AppData\Local\Programs\Python\Python310\Scripts\;C:\Users\Ashish Pal\AppData\Local\Programs\Python\Python310\;C:\Users\Ashish Pal\AppData\Local\Microsoft\WindowsApps;C:\Users\Ashish Pal\AppData\Local\Programs\Microsoft VS Code\bin;D:\a_dev\flutter\bin;D:\a_dev\JDK\bin;D:\a_dev\AndroidStudio\bin;C:\Users\Ashish Pal\AppData\Roaming\npm;D:\a_dev\AndroidSDK\platform-tools;C:\Program Files\MongoDB\Server\5.0\bin;C:\Users\Ashish Pal\AppData\Local\Pub\Cache\bin;C:\Users\Ashish Pal\AppData\Local\GitHubDesktop\bin;C:\Users\Ashish Pal\AppData\Roaming\Composer\vendor\bin;D:\a_dev\flutter\bin\mingit\cmd
USERNAME=Ashish
OS=Windows_NT
PROCESSOR_IDENTIFIER=Intel64 Family 6 Model 142 Stepping 11, GenuineIntel



---------------  S Y S T E M  ---------------

OS: Windows 10 , 64 bit Build 22000 (10.0.22000.708)
OS uptime: 0 days 5:13 hours
HyperV virtualization detected

CPU:total 8 (initial active 8) (4 cores per cpu, 2 threads per core) family 6 model 142 stepping 11, cmov, cx8, fxsr, mmx, sse, sse2, sse3, ssse3, sse4.1, sse4.2, popcnt, avx, avx2, aes, clmul, erms, 3dnowpref, lzcnt, ht, tsc, tscinvbit, bmi1, bmi2, adx, fma

Memory: 4k page, system-wide physical 8042M (245M free)
TotalPageFile size 17736M (AvailPageFile size 54M)
current process WorkingSet (physical memory assigned to process): 10M, peak: 10M
current process commit charge ("private bytes"): 60M, peak: 186M

vm_info: Java HotSpot(TM) 64-Bit Server VM (14.0.1+7) for windows-amd64 JRE (14.0.1+7), built on Mar  5 2020 10:30:14 by "mach5one" with MS VC++ 15.9 (VS2017)

END.
